Using pre-set license
Built from '2020.3/staging' branch; Version is '2020.3.3f1 (76626098c1c4) revision 7758432'; Using compiler version '192528614'; Build Type 'Release'
OS: 'Windows 10 Education; OS build 19043.1165; Version 2009; 64bit' Language: 'en' Physical Memory: 16333 MB
BatchMode: 1, IsHumanControllingUs: 0, StartBugReporterOnCrash: 0, Is64bit: 1, IsPro: 0

 COMMAND LINE ARGUMENTS:
C:\Program Files\Unity\Hub\Editor\2020.3.3f1\Editor\Unity.exe
-adb2
-batchMode
-noUpm
-name
AssetImportWorker0
-projectPath
E:/Liam Beasley L1 DTG/le fishe/SomethingNew
-logFile
Logs/AssetImportWorker0.log
-srvPort
51152
Successfully changed project path to: E:/Liam Beasley L1 DTG/le fishe/SomethingNew
E:/Liam Beasley L1 DTG/le fishe/SomethingNew
Using Asset Import Pipeline V2.
Refreshing native plugins compatible for Editor in 32.70 ms, found 1 plugins.
Preloading 0 native plugins for Editor in 0.00 ms.
Initialize engine version: 2020.3.3f1 (76626098c1c4)
[Subsystems] Discovering subsystems at path C:/Program Files/Unity/Hub/Editor/2020.3.3f1/Editor/Data/Resources/UnitySubsystems
[Subsystems] Discovering subsystems at path E:/Liam Beasley L1 DTG/le fishe/SomethingNew/Assets
GfxDevice: creating device client; threaded=0
Direct3D:
    Version:  Direct3D 11.0 [level 11.1]
    Renderer: NVIDIA GeForce RTX 2060 (ID=0x1f08)
    Vendor:   
    VRAM:     5980 MB
    Driver:   30.0.14.7111
Initialize mono
Mono path[0] = 'C:/Program Files/Unity/Hub/Editor/2020.3.3f1/Editor/Data/Managed'
Mono path[1] = 'C:/Program Files/Unity/Hub/Editor/2020.3.3f1/Editor/Data/MonoBleedingEdge/lib/mono/unityjit'
Mono config path = 'C:/Program Files/Unity/Hub/Editor/2020.3.3f1/Editor/Data/MonoBleedingEdge/etc'
Using monoOptions --debugger-agent=transport=dt_socket,embedding=1,server=y,suspend=n,address=127.0.0.1:56196
Begin MonoManager ReloadAssembly
Registering precompiled unity dll's ...
Register platform support module: C:/Program Files/Unity/Hub/Editor/2020.3.3f1/Editor/Data/PlaybackEngines/WebGLSupport/UnityEditor.WebGL.Extensions.dll
Register platform support module: C:/Program Files/Unity/Hub/Editor/2020.3.3f1/Editor/Data/PlaybackEngines/WindowsStandaloneSupport/UnityEditor.WindowsStandalone.Extensions.dll
Registered in 0.001932 seconds.
Native extension for WindowsStandalone target not found
Native extension for WebGL target not found
Refreshing native plugins compatible for Editor in 34.22 ms, found 1 plugins.
Preloading 0 native plugins for Editor in 0.00 ms.
Invoked RoslynAnalysisRunner static constructor.
RoslynAnalysisRunner will not be running.
RoslynAnalysisRunner has terminated.
Mono: successfully reloaded assembly
- Completed reload, in  1.483 seconds
Platform modules already initialized, skipping
Registering precompiled user dll's ...
Registered in 0.000750 seconds.
Begin MonoManager ReloadAssembly
Native extension for WindowsStandalone target not found
Native extension for WebGL target not found
Refreshing native plugins compatible for Editor in 34.82 ms, found 1 plugins.
Preloading 0 native plugins for Editor in 0.00 ms.
Invoked RoslynAnalysisRunner static constructor.
RoslynAnalysisRunner will not be running.
RoslynAnalysisRunner has terminated.
Mono: successfully reloaded assembly
- Completed reload, in  0.748 seconds
Platform modules already initialized, skipping
========================================================================
Worker process is ready to serve import requests
Launched and connected shader compiler UnityShaderCompiler.exe after 0.04 seconds
Refreshing native plugins compatible for Editor in 0.40 ms, found 1 plugins.
Preloading 0 native plugins for Editor in 0.00 ms.
Unloading 1979 Unused Serialized files (Serialized files now loaded: 0)
System memory in use before: 92.3 MB.
System memory in use after: 92.3 MB.

Unloading 25 unused Assets to reduce memory usage. Loaded Objects now: 2422.
Total: 1.987800 ms (FindLiveObjects: 0.235400 ms CreateObjectMapping: 0.054600 ms MarkObjects: 1.580400 ms  DeleteObjects: 0.116600 ms)

========================================================================
Received Import Request.
  path: Assets/Scripts
  artifactKey: Guid(1b337961ef490e1419c4ad921b6fbc57) Importer(815301076,1909f56bfc062723c751e8b465ee728b)
Start importing Assets/Scripts using Guid(1b337961ef490e1419c4ad921b6fbc57) Importer(815301076,1909f56bfc062723c751e8b465ee728b)  -> (artifact id: '43996d9df89414750730fda238d1582b') in 0.006661 seconds
  Import took 0.009394 seconds .

========================================================================
Received Import Request.
  Time since last request: 0.000294 seconds.
  path: Assets/Scripts/Scene transitions
  artifactKey: Guid(d231b8a23037f824e88dc5941a420144) Importer(815301076,1909f56bfc062723c751e8b465ee728b)
Start importing Assets/Scripts/Scene transitions using Guid(d231b8a23037f824e88dc5941a420144) Importer(815301076,1909f56bfc062723c751e8b465ee728b)  -> (artifact id: 'bfb5a5ad8f847e2751fd86e00235fb56') in 0.002799 seconds
  Import took 0.005035 seconds .

========================================================================
Received Import Request.
  Time since last request: 80.191331 seconds.
  path: Assets/Scenes/Start menu.unity
  artifactKey: Guid(d0c554d5f7c6a8645b3ecce4eb3c4f4e) Importer(815301076,1909f56bfc062723c751e8b465ee728b)
Start importing Assets/Scenes/Start menu.unity using Guid(d0c554d5f7c6a8645b3ecce4eb3c4f4e) Importer(815301076,1909f56bfc062723c751e8b465ee728b)  -> (artifact id: 'b2971f43198ce040f9be46873de2284d') in 0.011433 seconds
  Import took 0.014528 seconds .

========================================================================
Received Import Request.
  Time since last request: 1.395073 seconds.
  path: Assets/Scenes/Menu.unity
  artifactKey: Guid(51d03259e92c0e24ab0d77e625fdcc1a) Importer(815301076,1909f56bfc062723c751e8b465ee728b)
Start importing Assets/Scenes/Menu.unity using Guid(51d03259e92c0e24ab0d77e625fdcc1a) Importer(815301076,1909f56bfc062723c751e8b465ee728b)  -> (artifact id: '4934a77ab419bfedb883928f8f0952ac') in 0.005292 seconds
  Import took 0.008568 seconds .

========================================================================
Received Prepare
Registering precompiled user dll's ...
Registered in 0.000873 seconds.
Begin MonoManager ReloadAssembly
Native extension for WindowsStandalone target not found
Native extension for WebGL target not found
Refreshing native plugins compatible for Editor in 0.40 ms, found 1 plugins.
Preloading 0 native plugins for Editor in 0.00 ms.
Invoked RoslynAnalysisRunner static constructor.
RoslynAnalysisRunner will not be running.
RoslynAnalysisRunner has terminated.
Mono: successfully reloaded assembly
- Completed reload, in  0.666 seconds
Platform modules already initialized, skipping
Refreshing native plugins compatible for Editor in 0.41 ms, found 1 plugins.
Preloading 0 native plugins for Editor in 0.00 ms.
Unloading 1959 Unused Serialized files (Serialized files now loaded: 0)
System memory in use before: 90.9 MB.
System memory in use after: 90.9 MB.

Unloading 13 unused Assets to reduce memory usage. Loaded Objects now: 2426.
Total: 2.191900 ms (FindLiveObjects: 0.215400 ms CreateObjectMapping: 0.051100 ms MarkObjects: 1.819700 ms  DeleteObjects: 0.104600 ms)

========================================================================
Received Import Request.
  Time since last request: 197.689361 seconds.
  path: Assets/Scripts/Scene transitions/LevelLoader.cs
  artifactKey: Guid(779ff3b1eac762d4a897ad12c0c9288a) Importer(815301076,1909f56bfc062723c751e8b465ee728b)
Start importing Assets/Scripts/Scene transitions/LevelLoader.cs using Guid(779ff3b1eac762d4a897ad12c0c9288a) Importer(815301076,1909f56bfc062723c751e8b465ee728b)  -> (artifact id: 'cf72e9ddd5fef862319a2bcf9c90a7b1') in 0.019251 seconds
  Import took 0.022016 seconds .

========================================================================
Received Import Request.
  Time since last request: 95.421195 seconds.
  path: Assets/TextMesh Pro/Fonts/LiberationSans.ttf
  artifactKey: Guid(e3265ab4bf004d28a9537516768c1c75) Importer(815301076,1909f56bfc062723c751e8b465ee728b)
Start importing Assets/TextMesh Pro/Fonts/LiberationSans.ttf using Guid(e3265ab4bf004d28a9537516768c1c75) Importer(815301076,1909f56bfc062723c751e8b465ee728b)  -> (artifact id: '4eb8b3530bc09335c862f949d78eda38') in 0.279847 seconds
  Import took 0.282759 seconds .

========================================================================
Received Import Request.
  Time since last request: 0.000317 seconds.
  path: Assets/TextMesh Pro/Resources/Fonts _ Materials/LiberationSans SDF.asset
  artifactKey: Guid(0445ab6c8d5242e4095312a5e01b5bb2) Importer(815301076,1909f56bfc062723c751e8b465ee728b)
Start importing Assets/TextMesh Pro/Resources/Fonts _ Materials/LiberationSans SDF.asset using Guid(0445ab6c8d5242e4095312a5e01b5bb2) Importer(815301076,1909f56bfc062723c751e8b465ee728b)  -> (artifact id: '6d5ad4680467adb807a07669457490a7') in 0.050235 seconds
  Import took 0.052750 seconds .

========================================================================
Received Import Request.
  Time since last request: 0.000326 seconds.
  path: Assets/TextMesh Pro/Fonts/LiberationSans.ttf
  artifactKey: Guid(e3265ab4bf004d28a9537516768c1c75) Importer(815301076,1909f56bfc062723c751e8b465ee728b)
Start importing Assets/TextMesh Pro/Fonts/LiberationSans.ttf using Guid(e3265ab4bf004d28a9537516768c1c75) Importer(815301076,1909f56bfc062723c751e8b465ee728b)  -> (artifact id: '4eb8b3530bc09335c862f949d78eda38') in 0.019938 seconds
  Import took 0.022550 seconds .

========================================================================
Received Import Request.
  Time since last request: 0.000351 seconds.
  path: Assets/TextMesh Pro/Resources/Fonts _ Materials/LiberationSans SDF.asset
  artifactKey: Guid(0445ab6c8d5242e4095312a5e01b5bb2) Importer(815301076,1909f56bfc062723c751e8b465ee728b)
Start importing Assets/TextMesh Pro/Resources/Fonts _ Materials/LiberationSans SDF.asset using Guid(0445ab6c8d5242e4095312a5e01b5bb2) Importer(815301076,1909f56bfc062723c751e8b465ee728b)  -> (artifact id: '6d5ad4680467adb807a07669457490a7') in 0.031442 seconds
  Import took 0.034449 seconds .

========================================================================
Received Import Request.
  Time since last request: 171.376826 seconds.
  path: Assets/Scripts/Menus
  artifactKey: Guid(e114d54638d49414ebdbad7bafd4406f) Importer(815301076,1909f56bfc062723c751e8b465ee728b)
Start importing Assets/Scripts/Menus using Guid(e114d54638d49414ebdbad7bafd4406f) Importer(815301076,1909f56bfc062723c751e8b465ee728b)  -> (artifact id: 'c4c92fdf754be954b767172cfeb3274d') in 0.180807 seconds
  Import took 0.183822 seconds .

========================================================================
Received Import Request.
  Time since last request: 26.458802 seconds.
  path: Assets/Art/Palettes/cave.prefab
  artifactKey: Guid(aa94480327b9eb9499968787b77a2514) Importer(815301076,1909f56bfc062723c751e8b465ee728b)
Start importing Assets/Art/Palettes/cave.prefab using Guid(aa94480327b9eb9499968787b77a2514) Importer(815301076,1909f56bfc062723c751e8b465ee728b)  -> (artifact id: '5284a6a8caf99e49e81172c88554fd52') in 0.188587 seconds
  Import took 0.191917 seconds .

========================================================================
Received Import Request.
  Time since last request: 6.920579 seconds.
  path: Assets/Art/lightningbolt.png
  artifactKey: Guid(d3334524ae135e14ba59de84382494ea) Importer(815301076,1909f56bfc062723c751e8b465ee728b)
Start importing Assets/Art/lightningbolt.png using Guid(d3334524ae135e14ba59de84382494ea) Importer(815301076,1909f56bfc062723c751e8b465ee728b)  -> (artifact id: 'd965f0a1268a69f5f9d1a32e9240a1b2') in 0.046938 seconds
  Import took 0.050045 seconds .

AssetImportWorkerClient::OnTransportError - code=2 error=End of file
