Using pre-set license
Built from '2020.3/staging' branch; Version is '2020.3.3f1 (76626098c1c4) revision 7758432'; Using compiler version '192528614'; Build Type 'Release'
OS: 'Windows 10 Pro; OS build 19043.1165; Version 2009; 64bit' Language: 'en' Physical Memory: 32612 MB
BatchMode: 1, IsHumanControllingUs: 0, StartBugReporterOnCrash: 0, Is64bit: 1, IsPro: 0

 COMMAND LINE ARGUMENTS:
C:\Program Files\Unity\Hub\Editor\2020.3.3f1\Editor\Unity.exe
-adb2
-batchMode
-noUpm
-name
AssetImportWorker0
-projectPath
C:/Users/linyx/Documents/Code/Omegaa4/DTGGANG/SomethingNew/SomethingNew
-logFile
Logs/AssetImportWorker0.log
-srvPort
58848
Successfully changed project path to: C:/Users/linyx/Documents/Code/Omegaa4/DTGGANG/SomethingNew/SomethingNew
C:/Users/linyx/Documents/Code/Omegaa4/DTGGANG/SomethingNew/SomethingNew
Using Asset Import Pipeline V2.
Refreshing native plugins compatible for Editor in 39.36 ms, found 1 plugins.
Preloading 0 native plugins for Editor in 0.00 ms.
Initialize engine version: 2020.3.3f1 (76626098c1c4)
[Subsystems] Discovering subsystems at path C:/Program Files/Unity/Hub/Editor/2020.3.3f1/Editor/Data/Resources/UnitySubsystems
[Subsystems] Discovering subsystems at path C:/Users/linyx/Documents/Code/Omegaa4/DTGGANG/SomethingNew/SomethingNew/Assets
GfxDevice: creating device client; threaded=0
Direct3D:
    Version:  Direct3D 11.0 [level 11.1]
    Renderer: NVIDIA GeForce GTX 1050 Ti (ID=0x1c8c)
    Vendor:   
    VRAM:     4018 MB
    Driver:   30.0.14.7141
Initialize mono
Mono path[0] = 'C:/Program Files/Unity/Hub/Editor/2020.3.3f1/Editor/Data/Managed'
Mono path[1] = 'C:/Program Files/Unity/Hub/Editor/2020.3.3f1/Editor/Data/MonoBleedingEdge/lib/mono/unityjit'
Mono config path = 'C:/Program Files/Unity/Hub/Editor/2020.3.3f1/Editor/Data/MonoBleedingEdge/etc'
Using monoOptions --debugger-agent=transport=dt_socket,embedding=1,server=y,suspend=n,address=127.0.0.1:56608
Begin MonoManager ReloadAssembly
Registering precompiled unity dll's ...
Register platform support module: C:/Program Files/Unity/Hub/Editor/2020.3.3f1/Editor/Data/PlaybackEngines/WindowsStandaloneSupport/UnityEditor.WindowsStandalone.Extensions.dll
Registered in 0.002297 seconds.
Native extension for WindowsStandalone target not found
Refreshing native plugins compatible for Editor in 40.04 ms, found 1 plugins.
Preloading 0 native plugins for Editor in 0.00 ms.
Invoked RoslynAnalysisRunner static constructor.
RoslynAnalysisRunner will not be running.
RoslynAnalysisRunner has terminated.
Mono: successfully reloaded assembly
- Completed reload, in  1.307 seconds
Platform modules already initialized, skipping
Registering precompiled user dll's ...
Registered in 0.001237 seconds.
Begin MonoManager ReloadAssembly
Symbol file data-000001C0F5117730 doesn't match image C:\Users\linyx\Documents\Code\Omegaa4\DTGGANG\SomethingNew\SomethingNew\Library\ScriptAssemblies\Unity.2D.Animation.Editor.dll
Symbol file LoadedFromMemory is not a mono symbol file
Symbol file data-000001C0F93C8530 doesn't match image C:\Users\linyx\Documents\Code\Omegaa4\DTGGANG\SomethingNew\SomethingNew\Library\ScriptAssemblies\Unity.InternalAPIEngineBridge.001.dll
Symbol file LoadedFromMemory is not a mono symbol file
Symbol file data-000001C0F5299C00 doesn't match image C:\Users\linyx\Documents\Code\Omegaa4\DTGGANG\SomethingNew\SomethingNew\Library\ScriptAssemblies\Unity.VSCode.Editor.dll
Symbol file LoadedFromMemory is not a mono symbol file
Symbol file data-000001C0F508C600 doesn't match image C:\Users\linyx\Documents\Code\Omegaa4\DTGGANG\SomethingNew\SomethingNew\Library\ScriptAssemblies\Unity.2D.PixelPerfect.dll
Symbol file LoadedFromMemory is not a mono symbol file
Symbol file data-000001C0FA864AC0 doesn't match image C:\Users\linyx\Documents\Code\Omegaa4\DTGGANG\SomethingNew\SomethingNew\Library\ScriptAssemblies\PsdPlugin.dll
Symbol file LoadedFromMemory is not a mono symbol file
Symbol file data-000001C0F9299030 doesn't match image C:\Users\linyx\Documents\Code\Omegaa4\DTGGANG\SomethingNew\SomethingNew\Library\ScriptAssemblies\Unity.TextMeshPro.Editor.dll
Symbol file LoadedFromMemory is not a mono symbol file
Symbol file data-000001C0F5111070 doesn't match image C:\Users\linyx\Documents\Code\Omegaa4\DTGGANG\SomethingNew\SomethingNew\Library\ScriptAssemblies\Unity.VisualStudio.Editor.dll
Symbol file LoadedFromMemory is not a mono symbol file
Symbol file data-000001C0FA864AC0 doesn't match image C:\Users\linyx\Documents\Code\Omegaa4\DTGGANG\SomethingNew\SomethingNew\Library\ScriptAssemblies\UnityEngine.TestRunner.dll
Symbol file LoadedFromMemory is not a mono symbol file
Symbol file data-000001C0F92AC440 doesn't match image C:\Users\linyx\Documents\Code\Omegaa4\DTGGANG\SomethingNew\SomethingNew\Library\ScriptAssemblies\Unity.Timeline.dll
Symbol file LoadedFromMemory is not a mono symbol file
Symbol file data-000001C0F9870020 doesn't match image C:\Users\linyx\Documents\Code\Omegaa4\DTGGANG\SomethingNew\SomethingNew\Library\ScriptAssemblies\Unity.TextMeshPro.dll
Symbol file LoadedFromMemory is not a mono symbol file
Symbol file data-000001C0F939B040 doesn't match image C:\Users\linyx\Documents\Code\Omegaa4\DTGGANG\SomethingNew\SomethingNew\Library\ScriptAssemblies\UnityEditor.TestRunner.dll
Symbol file LoadedFromMemory is not a mono symbol file
Symbol file data-000001C0F5299C00 doesn't match image C:\Users\linyx\Documents\Code\Omegaa4\DTGGANG\SomethingNew\SomethingNew\Library\ScriptAssemblies\Unity.2D.IK.Editor.dll
Symbol file LoadedFromMemory is not a mono symbol file
Symbol file data-000001C0FAD74A70 doesn't match image C:\Users\linyx\Documents\Code\Omegaa4\DTGGANG\SomethingNew\SomethingNew\Library\ScriptAssemblies\Unity.2D.Psdimporter.Editor.dll
Symbol file LoadedFromMemory is not a mono symbol file
Symbol file data-000001C0F93A3050 doesn't match image C:\Users\linyx\Documents\Code\Omegaa4\DTGGANG\SomethingNew\SomethingNew\Library\ScriptAssemblies\Unity.2D.Path.Editor.dll
Symbol file LoadedFromMemory is not a mono symbol file
Symbol file data-000001C0F516ABB0 doesn't match image C:\Users\linyx\Documents\Code\Omegaa4\DTGGANG\SomethingNew\SomethingNew\Library\ScriptAssemblies\Unity.InternalAPIEditorBridge.001.dll
Symbol file LoadedFromMemory is not a mono symbol file
Symbol file data-000001C0FABAAE70 doesn't match image C:\Users\linyx\Documents\Code\Omegaa4\DTGGANG\SomethingNew\SomethingNew\Library\ScriptAssemblies\Unity.Rider.Editor.dll
Symbol file LoadedFromMemory is not a mono symbol file
Symbol file data-000001C0F9D7D010 doesn't match image C:\Users\linyx\Documents\Code\Omegaa4\DTGGANG\SomethingNew\SomethingNew\Library\ScriptAssemblies\Unity.Mathematics.dll
Symbol file LoadedFromMemory is not a mono symbol file
Symbol file data-000001C0F5299C00 doesn't match image C:\Users\linyx\Documents\Code\Omegaa4\DTGGANG\SomethingNew\SomethingNew\Library\ScriptAssemblies\Unity.2D.IK.Runtime.dll
Symbol file LoadedFromMemory is not a mono symbol file
Symbol file data-000001C0F97F3520 doesn't match image C:\Users\linyx\Documents\Code\Omegaa4\DTGGANG\SomethingNew\SomethingNew\Library\ScriptAssemblies\Cinemachine.dll
Symbol file LoadedFromMemory is not a mono symbol file
Symbol file data-000001C0F984B030 doesn't match image C:\Users\linyx\Documents\Code\Omegaa4\DTGGANG\SomethingNew\SomethingNew\Library\ScriptAssemblies\com.unity.cinemachine.editor.dll
Symbol file LoadedFromMemory is not a mono symbol file
Symbol file data-000001C0F9DDA010 doesn't match image C:\Users\linyx\Documents\Code\Omegaa4\DTGGANG\SomethingNew\SomethingNew\Library\ScriptAssemblies\Unity.2D.Animation.Triangle.Runtime.dll
Symbol file LoadedFromMemory is not a mono symbol file
Symbol file data-000001C0F501E2D0 doesn't match image C:\Users\linyx\Documents\Code\Omegaa4\DTGGANG\SomethingNew\SomethingNew\Library\ScriptAssemblies\Unity.2D.Animation.Runtime.dll
Symbol file LoadedFromMemory is not a mono symbol file
Symbol file data-000001C0F5443700 doesn't match image C:\Users\linyx\Documents\Code\Omegaa4\DTGGANG\SomethingNew\SomethingNew\Library\ScriptAssemblies\Unity.2D.PixelPerfect.Editor.dll
Symbol file LoadedFromMemory is not a mono symbol file
Symbol file data-000001C0F9DDA010 doesn't match image C:\Users\linyx\Documents\Code\Omegaa4\DTGGANG\SomethingNew\SomethingNew\Library\ScriptAssemblies\Unity.Timeline.Editor.dll
Symbol file LoadedFromMemory is not a mono symbol file
Symbol file data-000001C0F93A3050 doesn't match image C:\Users\linyx\Documents\Code\Omegaa4\DTGGANG\SomethingNew\SomethingNew\Library\ScriptAssemblies\Unity.CollabProxy.Editor.dll
Symbol file LoadedFromMemory is not a mono symbol file
Symbol file data-000001C0F4B6A240 doesn't match image C:\Users\linyx\Documents\Code\Omegaa4\DTGGANG\SomethingNew\SomethingNew\Library\ScriptAssemblies\Unity.Mathematics.Editor.dll
Symbol file LoadedFromMemory is not a mono symbol file
Symbol file data-000001C0F4AC2F10 doesn't match image C:\Users\linyx\Documents\Code\Omegaa4\DTGGANG\SomethingNew\SomethingNew\Library\ScriptAssemblies\Unity.2D.Common.Runtime.dll
Symbol file LoadedFromMemory is not a mono symbol file
Symbol file data-000001C0F53C9E20 doesn't match image C:\Users\linyx\Documents\Code\Omegaa4\DTGGANG\SomethingNew\SomethingNew\Library\ScriptAssemblies\Unity.2D.SpriteShape.Editor.dll
Symbol file LoadedFromMemory is not a mono symbol file
Symbol file data-000001C0F5299C00 doesn't match image C:\Users\linyx\Documents\Code\Omegaa4\DTGGANG\SomethingNew\SomethingNew\Library\ScriptAssemblies\Unity.2D.Common.Editor.dll
Symbol file LoadedFromMemory is not a mono symbol file
Symbol file data-000001C0F994DA30 doesn't match image C:\Users\linyx\Documents\Code\Omegaa4\DTGGANG\SomethingNew\SomethingNew\Library\ScriptAssemblies\Unity.2D.SpriteShape.Runtime.dll
Symbol file LoadedFromMemory is not a mono symbol file
Native extension for WindowsStandalone target not found
Refreshing native plugins compatible for Editor in 38.25 ms, found 1 plugins.
Preloading 0 native plugins for Editor in 0.00 ms.
Invoked RoslynAnalysisRunner static constructor.
RoslynAnalysisRunner will not be running.
RoslynAnalysisRunner has terminated.
Mono: successfully reloaded assembly
- Completed reload, in  1.017 seconds
Platform modules already initialized, skipping
========================================================================
Worker process is ready to serve import requests
Launched and connected shader compiler UnityShaderCompiler.exe after 0.06 seconds
Refreshing native plugins compatible for Editor in 0.40 ms, found 1 plugins.
Preloading 0 native plugins for Editor in 0.00 ms.
Unloading 1981 Unused Serialized files (Serialized files now loaded: 0)
System memory in use before: 92.5 MB.
System memory in use after: 92.4 MB.

Unloading 25 unused Assets to reduce memory usage. Loaded Objects now: 2425.
Total: 6.297300 ms (FindLiveObjects: 1.594200 ms CreateObjectMapping: 0.710600 ms MarkObjects: 3.807200 ms  DeleteObjects: 0.183100 ms)

========================================================================
Received Import Request.
  path: Assets/Scripts/Linyx/DmgDebug.cs
  artifactKey: Guid(f62f7788c54a1a64eb7c3118a01f9216) Importer(815301076,1909f56bfc062723c751e8b465ee728b)
Start importing Assets/Scripts/Linyx/DmgDebug.cs using Guid(f62f7788c54a1a64eb7c3118a01f9216) Importer(815301076,1909f56bfc062723c751e8b465ee728b)  -> (artifact id: 'd93b19706a04386ed14f2bf570f5f5c5') in 0.037837 seconds
  Import took 0.043586 seconds .

========================================================================
Received Prepare
Registering precompiled user dll's ...
Registered in 0.001439 seconds.
Begin MonoManager ReloadAssembly
Symbol file data-000001C0F981C020 doesn't match image C:\Users\linyx\Documents\Code\Omegaa4\DTGGANG\SomethingNew\SomethingNew\Library\ScriptAssemblies\Unity.2D.Animation.Editor.dll
Symbol file LoadedFromMemory is not a mono symbol file
Symbol file data-000001C0FC4370A0 doesn't match image C:\Users\linyx\Documents\Code\Omegaa4\DTGGANG\SomethingNew\SomethingNew\Library\ScriptAssemblies\Unity.InternalAPIEngineBridge.001.dll
Symbol file LoadedFromMemory is not a mono symbol file
Symbol file data-000001C0F54484C0 doesn't match image C:\Users\linyx\Documents\Code\Omegaa4\DTGGANG\SomethingNew\SomethingNew\Library\ScriptAssemblies\Unity.VSCode.Editor.dll
Symbol file LoadedFromMemory is not a mono symbol file
Symbol file data-000001C0FBDC4AC0 doesn't match image C:\Users\linyx\Documents\Code\Omegaa4\DTGGANG\SomethingNew\SomethingNew\Library\ScriptAssemblies\Unity.2D.PixelPerfect.dll
Symbol file LoadedFromMemory is not a mono symbol file
Symbol file data-000001C0F92BC440 doesn't match image C:\Users\linyx\Documents\Code\Omegaa4\DTGGANG\SomethingNew\SomethingNew\Library\ScriptAssemblies\PsdPlugin.dll
Symbol file LoadedFromMemory is not a mono symbol file
Symbol file data-000001C0F4D060D0 doesn't match image C:\Users\linyx\Documents\Code\Omegaa4\DTGGANG\SomethingNew\SomethingNew\Library\ScriptAssemblies\Unity.TextMeshPro.Editor.dll
Symbol file LoadedFromMemory is not a mono symbol file
Symbol file data-000001C0FBDD33C0 doesn't match image C:\Users\linyx\Documents\Code\Omegaa4\DTGGANG\SomethingNew\SomethingNew\Library\ScriptAssemblies\Unity.VisualStudio.Editor.dll
Symbol file LoadedFromMemory is not a mono symbol file
Symbol file data-000001C0FAB0B010 doesn't match image C:\Users\linyx\Documents\Code\Omegaa4\DTGGANG\SomethingNew\SomethingNew\Library\ScriptAssemblies\UnityEngine.TestRunner.dll
Symbol file LoadedFromMemory is not a mono symbol file
Symbol file data-000001C0F4D060D0 doesn't match image C:\Users\linyx\Documents\Code\Omegaa4\DTGGANG\SomethingNew\SomethingNew\Library\ScriptAssemblies\Unity.Timeline.dll
Symbol file LoadedFromMemory is not a mono symbol file
Symbol file data-000001C0F981C020 doesn't match image C:\Users\linyx\Documents\Code\Omegaa4\DTGGANG\SomethingNew\SomethingNew\Library\ScriptAssemblies\Unity.TextMeshPro.dll
Symbol file LoadedFromMemory is not a mono symbol file
Symbol file data-000001C0F4D060D0 doesn't match image C:\Users\linyx\Documents\Code\Omegaa4\DTGGANG\SomethingNew\SomethingNew\Library\ScriptAssemblies\UnityEditor.TestRunner.dll
Symbol file LoadedFromMemory is not a mono symbol file
Symbol file data-000001C0F53E5BA0 doesn't match image C:\Users\linyx\Documents\Code\Omegaa4\DTGGANG\SomethingNew\SomethingNew\Library\ScriptAssemblies\Unity.2D.IK.Editor.dll
Symbol file LoadedFromMemory is not a mono symbol file
Symbol file data-000001C0F526AE20 doesn't match image C:\Users\linyx\Documents\Code\Omegaa4\DTGGANG\SomethingNew\SomethingNew\Library\ScriptAssemblies\Unity.2D.Psdimporter.Editor.dll
Symbol file LoadedFromMemory is not a mono symbol file
Symbol file data-000001C0FA752010 doesn't match image C:\Users\linyx\Documents\Code\Omegaa4\DTGGANG\SomethingNew\SomethingNew\Library\ScriptAssemblies\Unity.2D.Path.Editor.dll
Symbol file LoadedFromMemory is not a mono symbol file
Symbol file data-000001C0FA9E83F0 doesn't match image C:\Users\linyx\Documents\Code\Omegaa4\DTGGANG\SomethingNew\SomethingNew\Library\ScriptAssemblies\Unity.InternalAPIEditorBridge.001.dll
Symbol file LoadedFromMemory is not a mono symbol file
Symbol file data-000001C0FB82E690 doesn't match image C:\Users\linyx\Documents\Code\Omegaa4\DTGGANG\SomethingNew\SomethingNew\Library\ScriptAssemblies\Unity.Rider.Editor.dll
Symbol file LoadedFromMemory is not a mono symbol file
Symbol file data-000001C0F94FA010 doesn't match image C:\Users\linyx\Documents\Code\Omegaa4\DTGGANG\SomethingNew\SomethingNew\Library\ScriptAssemblies\Unity.Mathematics.dll
Symbol file LoadedFromMemory is not a mono symbol file
Symbol file data-000001C0F53E5BA0 doesn't match image C:\Users\linyx\Documents\Code\Omegaa4\DTGGANG\SomethingNew\SomethingNew\Library\ScriptAssemblies\Unity.2D.IK.Runtime.dll
Symbol file LoadedFromMemory is not a mono symbol file
Symbol file data-000001C0F5563020 doesn't match image C:\Users\linyx\Documents\Code\Omegaa4\DTGGANG\SomethingNew\SomethingNew\Library\ScriptAssemblies\Cinemachine.dll
Symbol file LoadedFromMemory is not a mono symbol file
Symbol file data-000001C0FBF47C20 doesn't match image C:\Users\linyx\Documents\Code\Omegaa4\DTGGANG\SomethingNew\SomethingNew\Library\ScriptAssemblies\com.unity.cinemachine.editor.dll
Symbol file LoadedFromMemory is not a mono symbol file
Symbol file data-000001C0F5563020 doesn't match image C:\Users\linyx\Documents\Code\Omegaa4\DTGGANG\SomethingNew\SomethingNew\Library\ScriptAssemblies\Unity.2D.Animation.Triangle.Runtime.dll
Symbol file LoadedFromMemory is not a mono symbol file
Symbol file data-000001C0F50FB3A0 doesn't match image C:\Users\linyx\Documents\Code\Omegaa4\DTGGANG\SomethingNew\SomethingNew\Library\ScriptAssemblies\Unity.2D.Animation.Runtime.dll
Symbol file LoadedFromMemory is not a mono symbol file
Symbol file data-000001C0FA6D5A10 doesn't match image C:\Users\linyx\Documents\Code\Omegaa4\DTGGANG\SomethingNew\SomethingNew\Library\ScriptAssemblies\Unity.2D.PixelPerfect.Editor.dll
Symbol file LoadedFromMemory is not a mono symbol file
Symbol file data-000001C0F4ED4A50 doesn't match image C:\Users\linyx\Documents\Code\Omegaa4\DTGGANG\SomethingNew\SomethingNew\Library\ScriptAssemblies\Unity.Timeline.Editor.dll
Symbol file LoadedFromMemory is not a mono symbol file
Symbol file data-000001C0F93D2940 doesn't match image C:\Users\linyx\Documents\Code\Omegaa4\DTGGANG\SomethingNew\SomethingNew\Library\ScriptAssemblies\Unity.CollabProxy.Editor.dll
Symbol file LoadedFromMemory is not a mono symbol file
Symbol file data-000001C0FB8330A0 doesn't match image C:\Users\linyx\Documents\Code\Omegaa4\DTGGANG\SomethingNew\SomethingNew\Library\ScriptAssemblies\Unity.Mathematics.Editor.dll
Symbol file LoadedFromMemory is not a mono symbol file
Symbol file data-000001C0CD8E8130 doesn't match image C:\Users\linyx\Documents\Code\Omegaa4\DTGGANG\SomethingNew\SomethingNew\Library\ScriptAssemblies\Unity.2D.Common.Runtime.dll
Symbol file LoadedFromMemory is not a mono symbol file
Symbol file data-000001C0F526AE20 doesn't match image C:\Users\linyx\Documents\Code\Omegaa4\DTGGANG\SomethingNew\SomethingNew\Library\ScriptAssemblies\Unity.2D.SpriteShape.Editor.dll
Symbol file LoadedFromMemory is not a mono symbol file
Symbol file data-000001C0F4D71010 doesn't match image C:\Users\linyx\Documents\Code\Omegaa4\DTGGANG\SomethingNew\SomethingNew\Library\ScriptAssemblies\Unity.2D.Common.Editor.dll
Symbol file LoadedFromMemory is not a mono symbol file
Symbol file data-000001C0FBB95010 doesn't match image C:\Users\linyx\Documents\Code\Omegaa4\DTGGANG\SomethingNew\SomethingNew\Library\ScriptAssemblies\Unity.2D.SpriteShape.Runtime.dll
Symbol file LoadedFromMemory is not a mono symbol file
Native extension for WindowsStandalone target not found
Refreshing native plugins compatible for Editor in 0.40 ms, found 1 plugins.
Preloading 0 native plugins for Editor in 0.00 ms.
Invoked RoslynAnalysisRunner static constructor.
RoslynAnalysisRunner will not be running.
RoslynAnalysisRunner has terminated.
Mono: successfully reloaded assembly
- Completed reload, in  0.864 seconds
Platform modules already initialized, skipping
Refreshing native plugins compatible for Editor in 0.37 ms, found 1 plugins.
Preloading 0 native plugins for Editor in 0.00 ms.
Unloading 1961 Unused Serialized files (Serialized files now loaded: 0)
System memory in use before: 91.0 MB.
System memory in use after: 91.0 MB.

Unloading 13 unused Assets to reduce memory usage. Loaded Objects now: 2429.
Total: 2.124100 ms (FindLiveObjects: 0.194700 ms CreateObjectMapping: 0.063300 ms MarkObjects: 1.761200 ms  DeleteObjects: 0.104000 ms)

========================================================================
Received Prepare
Registering precompiled user dll's ...
Registered in 0.001175 seconds.
Begin MonoManager ReloadAssembly
Symbol file data-000001C0FBEC48F0 doesn't match image C:\Users\linyx\Documents\Code\Omegaa4\DTGGANG\SomethingNew\SomethingNew\Library\ScriptAssemblies\Unity.2D.Animation.Editor.dll
Symbol file LoadedFromMemory is not a mono symbol file
Symbol file data-000001C0FC4386C0 doesn't match image C:\Users\linyx\Documents\Code\Omegaa4\DTGGANG\SomethingNew\SomethingNew\Library\ScriptAssemblies\Unity.InternalAPIEngineBridge.001.dll
Symbol file LoadedFromMemory is not a mono symbol file
Symbol file data-000001C0FAB13020 doesn't match image C:\Users\linyx\Documents\Code\Omegaa4\DTGGANG\SomethingNew\SomethingNew\Library\ScriptAssemblies\Unity.VSCode.Editor.dll
Symbol file LoadedFromMemory is not a mono symbol file
Symbol file data-000001C0FBDC30A0 doesn't match image C:\Users\linyx\Documents\Code\Omegaa4\DTGGANG\SomethingNew\SomethingNew\Library\ScriptAssemblies\Unity.2D.PixelPerfect.dll
Symbol file LoadedFromMemory is not a mono symbol file
Symbol file data-000001C0FC52F490 doesn't match image C:\Users\linyx\Documents\Code\Omegaa4\DTGGANG\SomethingNew\SomethingNew\Library\ScriptAssemblies\PsdPlugin.dll
Symbol file LoadedFromMemory is not a mono symbol file
Symbol file data-000001C0FB101020 doesn't match image C:\Users\linyx\Documents\Code\Omegaa4\DTGGANG\SomethingNew\SomethingNew\Library\ScriptAssemblies\Unity.TextMeshPro.Editor.dll
Symbol file LoadedFromMemory is not a mono symbol file
Symbol file data-000001C0F54444B0 doesn't match image C:\Users\linyx\Documents\Code\Omegaa4\DTGGANG\SomethingNew\SomethingNew\Library\ScriptAssemblies\Unity.VisualStudio.Editor.dll
Symbol file LoadedFromMemory is not a mono symbol file
Symbol file data-000001C0FC52F490 doesn't match image C:\Users\linyx\Documents\Code\Omegaa4\DTGGANG\SomethingNew\SomethingNew\Library\ScriptAssemblies\UnityEngine.TestRunner.dll
Symbol file LoadedFromMemory is not a mono symbol file
Symbol file data-000001C0FB101020 doesn't match image C:\Users\linyx\Documents\Code\Omegaa4\DTGGANG\SomethingNew\SomethingNew\Library\ScriptAssemblies\Unity.Timeline.dll
Symbol file LoadedFromMemory is not a mono symbol file
Symbol file data-000001C0FAA98020 doesn't match image C:\Users\linyx\Documents\Code\Omegaa4\DTGGANG\SomethingNew\SomethingNew\Library\ScriptAssemblies\Unity.TextMeshPro.dll
Symbol file LoadedFromMemory is not a mono symbol file
Symbol file data-000001C0F970E010 doesn't match image C:\Users\linyx\Documents\Code\Omegaa4\DTGGANG\SomethingNew\SomethingNew\Library\ScriptAssemblies\UnityEditor.TestRunner.dll
Symbol file LoadedFromMemory is not a mono symbol file
Symbol file data-000001C0F53E5BA0 doesn't match image C:\Users\linyx\Documents\Code\Omegaa4\DTGGANG\SomethingNew\SomethingNew\Library\ScriptAssemblies\Unity.2D.IK.Editor.dll
Symbol file LoadedFromMemory is not a mono symbol file
Symbol file data-000001C0FB9FC020 doesn't match image C:\Users\linyx\Documents\Code\Omegaa4\DTGGANG\SomethingNew\SomethingNew\Library\ScriptAssemblies\Unity.2D.Psdimporter.Editor.dll
Symbol file LoadedFromMemory is not a mono symbol file
Symbol file data-000001C0FC1BE070 doesn't match image C:\Users\linyx\Documents\Code\Omegaa4\DTGGANG\SomethingNew\SomethingNew\Library\ScriptAssemblies\Unity.2D.Path.Editor.dll
Symbol file LoadedFromMemory is not a mono symbol file
Symbol file data-000001C0FC3751A0 doesn't match image C:\Users\linyx\Documents\Code\Omegaa4\DTGGANG\SomethingNew\SomethingNew\Library\ScriptAssemblies\Unity.InternalAPIEditorBridge.001.dll
Symbol file LoadedFromMemory is not a mono symbol file
Symbol file data-000001C0F50ECF10 doesn't match image C:\Users\linyx\Documents\Code\Omegaa4\DTGGANG\SomethingNew\SomethingNew\Library\ScriptAssemblies\Unity.Rider.Editor.dll
Symbol file LoadedFromMemory is not a mono symbol file
Symbol file data-000001C0F9371020 doesn't match image C:\Users\linyx\Documents\Code\Omegaa4\DTGGANG\SomethingNew\SomethingNew\Library\ScriptAssemblies\Unity.Mathematics.dll
Symbol file LoadedFromMemory is not a mono symbol file
Symbol file data-000001C0F53E5BA0 doesn't match image C:\Users\linyx\Documents\Code\Omegaa4\DTGGANG\SomethingNew\SomethingNew\Library\ScriptAssemblies\Unity.2D.IK.Runtime.dll
Symbol file LoadedFromMemory is not a mono symbol file
Symbol file data-000001C0FBFDB700 doesn't match image C:\Users\linyx\Documents\Code\Omegaa4\DTGGANG\SomethingNew\SomethingNew\Library\ScriptAssemblies\Cinemachine.dll
Symbol file LoadedFromMemory is not a mono symbol file
Symbol file data-000001C0FA168F30 doesn't match image C:\Users\linyx\Documents\Code\Omegaa4\DTGGANG\SomethingNew\SomethingNew\Library\ScriptAssemblies\com.unity.cinemachine.editor.dll
Symbol file LoadedFromMemory is not a mono symbol file
Symbol file data-000001C0FBFDB700 doesn't match image C:\Users\linyx\Documents\Code\Omegaa4\DTGGANG\SomethingNew\SomethingNew\Library\ScriptAssemblies\Unity.2D.Animation.Triangle.Runtime.dll
Symbol file LoadedFromMemory is not a mono symbol file
Symbol file data-000001C0F9E9EA40 doesn't match image C:\Users\linyx\Documents\Code\Omegaa4\DTGGANG\SomethingNew\SomethingNew\Library\ScriptAssemblies\Unity.2D.Animation.Runtime.dll
Symbol file LoadedFromMemory is not a mono symbol file
Symbol file data-000001C0F9BBD880 doesn't match image C:\Users\linyx\Documents\Code\Omegaa4\DTGGANG\SomethingNew\SomethingNew\Library\ScriptAssemblies\Unity.2D.PixelPerfect.Editor.dll
Symbol file LoadedFromMemory is not a mono symbol file
Symbol file data-000001C0F529CF10 doesn't match image C:\Users\linyx\Documents\Code\Omegaa4\DTGGANG\SomethingNew\SomethingNew\Library\ScriptAssemblies\Unity.Timeline.Editor.dll
Symbol file LoadedFromMemory is not a mono symbol file
Symbol file data-000001C0F4CD2010 doesn't match image C:\Users\linyx\Documents\Code\Omegaa4\DTGGANG\SomethingNew\SomethingNew\Library\ScriptAssemblies\Unity.CollabProxy.Editor.dll
Symbol file LoadedFromMemory is not a mono symbol file
Symbol file data-000001C0FBF5C040 doesn't match image C:\Users\linyx\Documents\Code\Omegaa4\DTGGANG\SomethingNew\SomethingNew\Library\ScriptAssemblies\Unity.Mathematics.Editor.dll
Symbol file LoadedFromMemory is not a mono symbol file
Symbol file data-000001C0FBA10230 doesn't match image C:\Users\linyx\Documents\Code\Omegaa4\DTGGANG\SomethingNew\SomethingNew\Library\ScriptAssemblies\Unity.2D.Common.Runtime.dll
Symbol file LoadedFromMemory is not a mono symbol file
Symbol file data-000001C0FB9FC020 doesn't match image C:\Users\linyx\Documents\Code\Omegaa4\DTGGANG\SomethingNew\SomethingNew\Library\ScriptAssemblies\Unity.2D.SpriteShape.Editor.dll
Symbol file LoadedFromMemory is not a mono symbol file
Symbol file data-000001C0FAB13020 doesn't match image C:\Users\linyx\Documents\Code\Omegaa4\DTGGANG\SomethingNew\SomethingNew\Library\ScriptAssemblies\Unity.2D.Common.Editor.dll
Symbol file LoadedFromMemory is not a mono symbol file
Symbol file data-000001C0F99A0030 doesn't match image C:\Users\linyx\Documents\Code\Omegaa4\DTGGANG\SomethingNew\SomethingNew\Library\ScriptAssemblies\Unity.2D.SpriteShape.Runtime.dll
Symbol file LoadedFromMemory is not a mono symbol file
Native extension for WindowsStandalone target not found
Refreshing native plugins compatible for Editor in 0.74 ms, found 1 plugins.
Preloading 0 native plugins for Editor in 0.00 ms.
Invoked RoslynAnalysisRunner static constructor.
RoslynAnalysisRunner will not be running.
RoslynAnalysisRunner has terminated.
Mono: successfully reloaded assembly
- Completed reload, in  0.833 seconds
Platform modules already initialized, skipping
Refreshing native plugins compatible for Editor in 0.37 ms, found 1 plugins.
Preloading 0 native plugins for Editor in 0.00 ms.
Unloading 1961 Unused Serialized files (Serialized files now loaded: 0)
System memory in use before: 91.0 MB.
System memory in use after: 91.0 MB.

Unloading 13 unused Assets to reduce memory usage. Loaded Objects now: 2433.
Total: 2.396000 ms (FindLiveObjects: 0.276700 ms CreateObjectMapping: 0.101900 ms MarkObjects: 1.914600 ms  DeleteObjects: 0.101600 ms)

========================================================================
Received Prepare
Registering precompiled user dll's ...
Registered in 0.001358 seconds.
Begin MonoManager ReloadAssembly
Symbol file data-000001C0FBEC48F0 doesn't match image C:\Users\linyx\Documents\Code\Omegaa4\DTGGANG\SomethingNew\SomethingNew\Library\ScriptAssemblies\Unity.2D.Animation.Editor.dll
Symbol file LoadedFromMemory is not a mono symbol file
Symbol file data-000001C0FC437F60 doesn't match image C:\Users\linyx\Documents\Code\Omegaa4\DTGGANG\SomethingNew\SomethingNew\Library\ScriptAssemblies\Unity.InternalAPIEngineBridge.001.dll
Symbol file LoadedFromMemory is not a mono symbol file
Symbol file data-000001C0FBB9EE40 doesn't match image C:\Users\linyx\Documents\Code\Omegaa4\DTGGANG\SomethingNew\SomethingNew\Library\ScriptAssemblies\Unity.VSCode.Editor.dll
Symbol file LoadedFromMemory is not a mono symbol file
Symbol file data-000001C0FBDC30A0 doesn't match image C:\Users\linyx\Documents\Code\Omegaa4\DTGGANG\SomethingNew\SomethingNew\Library\ScriptAssemblies\Unity.2D.PixelPerfect.dll
Symbol file LoadedFromMemory is not a mono symbol file
Symbol file data-000001C0FC52F490 doesn't match image C:\Users\linyx\Documents\Code\Omegaa4\DTGGANG\SomethingNew\SomethingNew\Library\ScriptAssemblies\PsdPlugin.dll
Symbol file LoadedFromMemory is not a mono symbol file
Symbol file data-000001C0FB101020 doesn't match image C:\Users\linyx\Documents\Code\Omegaa4\DTGGANG\SomethingNew\SomethingNew\Library\ScriptAssemblies\Unity.TextMeshPro.Editor.dll
Symbol file LoadedFromMemory is not a mono symbol file
Symbol file data-000001C0F4F5B030 doesn't match image C:\Users\linyx\Documents\Code\Omegaa4\DTGGANG\SomethingNew\SomethingNew\Library\ScriptAssemblies\Unity.VisualStudio.Editor.dll
Symbol file LoadedFromMemory is not a mono symbol file
Symbol file data-000001C0FAB0B010 doesn't match image C:\Users\linyx\Documents\Code\Omegaa4\DTGGANG\SomethingNew\SomethingNew\Library\ScriptAssemblies\UnityEngine.TestRunner.dll
Symbol file LoadedFromMemory is not a mono symbol file
Symbol file data-000001C0FC440080 doesn't match image C:\Users\linyx\Documents\Code\Omegaa4\DTGGANG\SomethingNew\SomethingNew\Library\ScriptAssemblies\Unity.Timeline.dll
Symbol file LoadedFromMemory is not a mono symbol file
Symbol file data-000001C0F9A98EC0 doesn't match image C:\Users\linyx\Documents\Code\Omegaa4\DTGGANG\SomethingNew\SomethingNew\Library\ScriptAssemblies\Unity.TextMeshPro.dll
Symbol file LoadedFromMemory is not a mono symbol file
Symbol file data-000001C0F970E010 doesn't match image C:\Users\linyx\Documents\Code\Omegaa4\DTGGANG\SomethingNew\SomethingNew\Library\ScriptAssemblies\UnityEditor.TestRunner.dll
Symbol file LoadedFromMemory is not a mono symbol file
Symbol file data-000001C0FBB9EE40 doesn't match image C:\Users\linyx\Documents\Code\Omegaa4\DTGGANG\SomethingNew\SomethingNew\Library\ScriptAssemblies\Unity.2D.IK.Editor.dll
Symbol file LoadedFromMemory is not a mono symbol file
Symbol file data-000001C11D6F2010 doesn't match image C:\Users\linyx\Documents\Code\Omegaa4\DTGGANG\SomethingNew\SomethingNew\Library\ScriptAssemblies\Unity.2D.Psdimporter.Editor.dll
Symbol file LoadedFromMemory is not a mono symbol file
Symbol file data-000001C0F93D2940 doesn't match image C:\Users\linyx\Documents\Code\Omegaa4\DTGGANG\SomethingNew\SomethingNew\Library\ScriptAssemblies\Unity.2D.Path.Editor.dll
Symbol file LoadedFromMemory is not a mono symbol file
Symbol file data-000001C0FB961420 doesn't match image C:\Users\linyx\Documents\Code\Omegaa4\DTGGANG\SomethingNew\SomethingNew\Library\ScriptAssemblies\Unity.InternalAPIEditorBridge.001.dll
Symbol file LoadedFromMemory is not a mono symbol file
Symbol file data-000001C0FC439960 doesn't match image C:\Users\linyx\Documents\Code\Omegaa4\DTGGANG\SomethingNew\SomethingNew\Library\ScriptAssemblies\Unity.Rider.Editor.dll
Symbol file LoadedFromMemory is not a mono symbol file
Symbol file data-000001C0F94FA010 doesn't match image C:\Users\linyx\Documents\Code\Omegaa4\DTGGANG\SomethingNew\SomethingNew\Library\ScriptAssemblies\Unity.Mathematics.dll
Symbol file LoadedFromMemory is not a mono symbol file
Symbol file data-000001C0FBB9EE40 doesn't match image C:\Users\linyx\Documents\Code\Omegaa4\DTGGANG\SomethingNew\SomethingNew\Library\ScriptAssemblies\Unity.2D.IK.Runtime.dll
Symbol file LoadedFromMemory is not a mono symbol file
Symbol file data-000001C0FB3B8E30 doesn't match image C:\Users\linyx\Documents\Code\Omegaa4\DTGGANG\SomethingNew\SomethingNew\Library\ScriptAssemblies\Cinemachine.dll
Symbol file LoadedFromMemory is not a mono symbol file
Symbol file data-000001C0FC506060 doesn't match image C:\Users\linyx\Documents\Code\Omegaa4\DTGGANG\SomethingNew\SomethingNew\Library\ScriptAssemblies\com.unity.cinemachine.editor.dll
Symbol file LoadedFromMemory is not a mono symbol file
Symbol file data-000001C11CEBA4C0 doesn't match image C:\Users\linyx\Documents\Code\Omegaa4\DTGGANG\SomethingNew\SomethingNew\Library\ScriptAssemblies\Unity.2D.Animation.Triangle.Runtime.dll
Symbol file LoadedFromMemory is not a mono symbol file
Symbol file data-000001C0F50FB230 doesn't match image C:\Users\linyx\Documents\Code\Omegaa4\DTGGANG\SomethingNew\SomethingNew\Library\ScriptAssemblies\Unity.2D.Animation.Runtime.dll
Symbol file LoadedFromMemory is not a mono symbol file
Symbol file data-000001C0FC5374A0 doesn't match image C:\Users\linyx\Documents\Code\Omegaa4\DTGGANG\SomethingNew\SomethingNew\Library\ScriptAssemblies\Unity.2D.PixelPerfect.Editor.dll
Symbol file LoadedFromMemory is not a mono symbol file
Symbol file data-000001C0FB833D70 doesn't match image C:\Users\linyx\Documents\Code\Omegaa4\DTGGANG\SomethingNew\SomethingNew\Library\ScriptAssemblies\Unity.Timeline.Editor.dll
Symbol file LoadedFromMemory is not a mono symbol file
Symbol file data-000001C0FBC2AF30 doesn't match image C:\Users\linyx\Documents\Code\Omegaa4\DTGGANG\SomethingNew\SomethingNew\Library\ScriptAssemblies\Unity.CollabProxy.Editor.dll
Symbol file LoadedFromMemory is not a mono symbol file
Symbol file data-000001C0FB05C070 doesn't match image C:\Users\linyx\Documents\Code\Omegaa4\DTGGANG\SomethingNew\SomethingNew\Library\ScriptAssemblies\Unity.Mathematics.Editor.dll
Symbol file LoadedFromMemory is not a mono symbol file
Symbol file data-000001C0FBA10B40 doesn't match image C:\Users\linyx\Documents\Code\Omegaa4\DTGGANG\SomethingNew\SomethingNew\Library\ScriptAssemblies\Unity.2D.Common.Runtime.dll
Symbol file LoadedFromMemory is not a mono symbol file
Symbol file data-000001C11D6F2010 doesn't match image C:\Users\linyx\Documents\Code\Omegaa4\DTGGANG\SomethingNew\SomethingNew\Library\ScriptAssemblies\Unity.2D.SpriteShape.Editor.dll
Symbol file LoadedFromMemory is not a mono symbol file
Symbol file data-000001C0F9807550 doesn't match image C:\Users\linyx\Documents\Code\Omegaa4\DTGGANG\SomethingNew\SomethingNew\Library\ScriptAssemblies\Unity.2D.Common.Editor.dll
Symbol file LoadedFromMemory is not a mono symbol file
Symbol file data-000001C0F99A0030 doesn't match image C:\Users\linyx\Documents\Code\Omegaa4\DTGGANG\SomethingNew\SomethingNew\Library\ScriptAssemblies\Unity.2D.SpriteShape.Runtime.dll
Symbol file LoadedFromMemory is not a mono symbol file
Native extension for WindowsStandalone target not found
Refreshing native plugins compatible for Editor in 0.39 ms, found 1 plugins.
Preloading 0 native plugins for Editor in 0.00 ms.
Invoked RoslynAnalysisRunner static constructor.
RoslynAnalysisRunner will not be running.
RoslynAnalysisRunner has terminated.
Mono: successfully reloaded assembly
- Completed reload, in  0.881 seconds
Platform modules already initialized, skipping
Refreshing native plugins compatible for Editor in 0.62 ms, found 1 plugins.
Preloading 0 native plugins for Editor in 0.00 ms.
Unloading 1961 Unused Serialized files (Serialized files now loaded: 0)
System memory in use before: 91.1 MB.
System memory in use after: 91.0 MB.

Unloading 13 unused Assets to reduce memory usage. Loaded Objects now: 2437.
Total: 2.151400 ms (FindLiveObjects: 0.189500 ms CreateObjectMapping: 0.075600 ms MarkObjects: 1.781900 ms  DeleteObjects: 0.103700 ms)

========================================================================
Received Prepare
Registering precompiled user dll's ...
Registered in 0.001193 seconds.
Begin MonoManager ReloadAssembly
Symbol file data-000001C0F981C020 doesn't match image C:\Users\linyx\Documents\Code\Omegaa4\DTGGANG\SomethingNew\SomethingNew\Library\ScriptAssemblies\Unity.2D.Animation.Editor.dll
Symbol file LoadedFromMemory is not a mono symbol file
Symbol file data-000001C0FC437F60 doesn't match image C:\Users\linyx\Documents\Code\Omegaa4\DTGGANG\SomethingNew\SomethingNew\Library\ScriptAssemblies\Unity.InternalAPIEngineBridge.001.dll
Symbol file LoadedFromMemory is not a mono symbol file
Symbol file data-000001C0FA75C030 doesn't match image C:\Users\linyx\Documents\Code\Omegaa4\DTGGANG\SomethingNew\SomethingNew\Library\ScriptAssemblies\Unity.VSCode.Editor.dll
Symbol file LoadedFromMemory is not a mono symbol file
Symbol file data-000001C0FBDC3DB0 doesn't match image C:\Users\linyx\Documents\Code\Omegaa4\DTGGANG\SomethingNew\SomethingNew\Library\ScriptAssemblies\Unity.2D.PixelPerfect.dll
Symbol file LoadedFromMemory is not a mono symbol file
Symbol file data-000001C0FC613830 doesn't match image C:\Users\linyx\Documents\Code\Omegaa4\DTGGANG\SomethingNew\SomethingNew\Library\ScriptAssemblies\PsdPlugin.dll
Symbol file LoadedFromMemory is not a mono symbol file
Symbol file data-000001C0F9E4E020 doesn't match image C:\Users\linyx\Documents\Code\Omegaa4\DTGGANG\SomethingNew\SomethingNew\Library\ScriptAssemblies\Unity.TextMeshPro.Editor.dll
Symbol file LoadedFromMemory is not a mono symbol file
Symbol file data-000001C0FC711010 doesn't match image C:\Users\linyx\Documents\Code\Omegaa4\DTGGANG\SomethingNew\SomethingNew\Library\ScriptAssemblies\Unity.VisualStudio.Editor.dll
Symbol file LoadedFromMemory is not a mono symbol file
Symbol file data-000001C0F9DB2F00 doesn't match image C:\Users\linyx\Documents\Code\Omegaa4\DTGGANG\SomethingNew\SomethingNew\Library\ScriptAssemblies\UnityEngine.TestRunner.dll
Symbol file LoadedFromMemory is not a mono symbol file
Symbol file data-000001C0F500ACD0 doesn't match image C:\Users\linyx\Documents\Code\Omegaa4\DTGGANG\SomethingNew\SomethingNew\Library\ScriptAssemblies\Unity.Timeline.dll
Symbol file LoadedFromMemory is not a mono symbol file
Symbol file data-000001C0F9A98430 doesn't match image C:\Users\linyx\Documents\Code\Omegaa4\DTGGANG\SomethingNew\SomethingNew\Library\ScriptAssemblies\Unity.TextMeshPro.dll
Symbol file LoadedFromMemory is not a mono symbol file
Symbol file data-000001C0F9478050 doesn't match image C:\Users\linyx\Documents\Code\Omegaa4\DTGGANG\SomethingNew\SomethingNew\Library\ScriptAssemblies\UnityEditor.TestRunner.dll
Symbol file LoadedFromMemory is not a mono symbol file
Symbol file data-000001C0F9603070 doesn't match image C:\Users\linyx\Documents\Code\Omegaa4\DTGGANG\SomethingNew\SomethingNew\Library\ScriptAssemblies\Unity.2D.IK.Editor.dll
Symbol file LoadedFromMemory is not a mono symbol file
Symbol file data-000001C0F50ECF10 doesn't match image C:\Users\linyx\Documents\Code\Omegaa4\DTGGANG\SomethingNew\SomethingNew\Library\ScriptAssemblies\Unity.2D.Psdimporter.Editor.dll
Symbol file LoadedFromMemory is not a mono symbol file
Symbol file data-000001C0FBEA86F0 doesn't match image C:\Users\linyx\Documents\Code\Omegaa4\DTGGANG\SomethingNew\SomethingNew\Library\ScriptAssemblies\Unity.2D.Path.Editor.dll
Symbol file LoadedFromMemory is not a mono symbol file
Symbol file data-000001C0FBB0B030 doesn't match image C:\Users\linyx\Documents\Code\Omegaa4\DTGGANG\SomethingNew\SomethingNew\Library\ScriptAssemblies\Unity.InternalAPIEditorBridge.001.dll
Symbol file LoadedFromMemory is not a mono symbol file
Symbol file data-000001C0FB438020 doesn't match image C:\Users\linyx\Documents\Code\Omegaa4\DTGGANG\SomethingNew\SomethingNew\Library\ScriptAssemblies\Unity.Rider.Editor.dll
Symbol file LoadedFromMemory is not a mono symbol file
Symbol file data-000001C0F94FA010 doesn't match image C:\Users\linyx\Documents\Code\Omegaa4\DTGGANG\SomethingNew\SomethingNew\Library\ScriptAssemblies\Unity.Mathematics.dll
Symbol file LoadedFromMemory is not a mono symbol file
Symbol file data-000001C0FA75C030 doesn't match image C:\Users\linyx\Documents\Code\Omegaa4\DTGGANG\SomethingNew\SomethingNew\Library\ScriptAssemblies\Unity.2D.IK.Runtime.dll
Symbol file LoadedFromMemory is not a mono symbol file
Symbol file data-000001C0FB3B8E30 doesn't match image C:\Users\linyx\Documents\Code\Omegaa4\DTGGANG\SomethingNew\SomethingNew\Library\ScriptAssemblies\Cinemachine.dll
Symbol file LoadedFromMemory is not a mono symbol file
Symbol file data-000001C0FC440080 doesn't match image C:\Users\linyx\Documents\Code\Omegaa4\DTGGANG\SomethingNew\SomethingNew\Library\ScriptAssemblies\com.unity.cinemachine.editor.dll
Symbol file LoadedFromMemory is not a mono symbol file
Symbol file data-000001C11CEBA4C0 doesn't match image C:\Users\linyx\Documents\Code\Omegaa4\DTGGANG\SomethingNew\SomethingNew\Library\ScriptAssemblies\Unity.2D.Animation.Triangle.Runtime.dll
Symbol file LoadedFromMemory is not a mono symbol file
Symbol file data-000001C0FA13E040 doesn't match image C:\Users\linyx\Documents\Code\Omegaa4\DTGGANG\SomethingNew\SomethingNew\Library\ScriptAssemblies\Unity.2D.Animation.Runtime.dll
Symbol file LoadedFromMemory is not a mono symbol file
Symbol file data-000001C0F5018F30 doesn't match image C:\Users\linyx\Documents\Code\Omegaa4\DTGGANG\SomethingNew\SomethingNew\Library\ScriptAssemblies\Unity.2D.PixelPerfect.Editor.dll
Symbol file LoadedFromMemory is not a mono symbol file
Symbol file data-000001C0FC6AB200 doesn't match image C:\Users\linyx\Documents\Code\Omegaa4\DTGGANG\SomethingNew\SomethingNew\Library\ScriptAssemblies\Unity.Timeline.Editor.dll
Symbol file LoadedFromMemory is not a mono symbol file
Symbol file data-000001C0F4CD2010 doesn't match image C:\Users\linyx\Documents\Code\Omegaa4\DTGGANG\SomethingNew\SomethingNew\Library\ScriptAssemblies\Unity.CollabProxy.Editor.dll
Symbol file LoadedFromMemory is not a mono symbol file
Symbol file data-000001C0FBF5C040 doesn't match image C:\Users\linyx\Documents\Code\Omegaa4\DTGGANG\SomethingNew\SomethingNew\Library\ScriptAssemblies\Unity.Mathematics.Editor.dll
Symbol file LoadedFromMemory is not a mono symbol file
Symbol file data-000001C0F4F5F430 doesn't match image C:\Users\linyx\Documents\Code\Omegaa4\DTGGANG\SomethingNew\SomethingNew\Library\ScriptAssemblies\Unity.2D.Common.Runtime.dll
Symbol file LoadedFromMemory is not a mono symbol file
Symbol file data-000001C0F50ECF10 doesn't match image C:\Users\linyx\Documents\Code\Omegaa4\DTGGANG\SomethingNew\SomethingNew\Library\ScriptAssemblies\Unity.2D.SpriteShape.Editor.dll
Symbol file LoadedFromMemory is not a mono symbol file
Symbol file data-000001C0F4D71010 doesn't match image C:\Users\linyx\Documents\Code\Omegaa4\DTGGANG\SomethingNew\SomethingNew\Library\ScriptAssemblies\Unity.2D.Common.Editor.dll
Symbol file LoadedFromMemory is not a mono symbol file
Symbol file data-000001C0F51A8CF0 doesn't match image C:\Users\linyx\Documents\Code\Omegaa4\DTGGANG\SomethingNew\SomethingNew\Library\ScriptAssemblies\Unity.2D.SpriteShape.Runtime.dll
Symbol file LoadedFromMemory is not a mono symbol file
Native extension for WindowsStandalone target not found
Refreshing native plugins compatible for Editor in 0.37 ms, found 1 plugins.
Preloading 0 native plugins for Editor in 0.00 ms.
Invoked RoslynAnalysisRunner static constructor.
RoslynAnalysisRunner will not be running.
RoslynAnalysisRunner has terminated.
Mono: successfully reloaded assembly
- Completed reload, in  0.877 seconds
Platform modules already initialized, skipping
Refreshing native plugins compatible for Editor in 0.41 ms, found 1 plugins.
Preloading 0 native plugins for Editor in 0.00 ms.
Unloading 1961 Unused Serialized files (Serialized files now loaded: 0)
System memory in use before: 91.1 MB.
System memory in use after: 91.1 MB.

Unloading 13 unused Assets to reduce memory usage. Loaded Objects now: 2441.
Total: 2.278000 ms (FindLiveObjects: 0.206300 ms CreateObjectMapping: 0.076800 ms MarkObjects: 1.888700 ms  DeleteObjects: 0.105100 ms)

========================================================================
Received Prepare
Registering precompiled user dll's ...
Registered in 0.001324 seconds.
Begin MonoManager ReloadAssembly
Symbol file data-000001C0F9E2E010 doesn't match image C:\Users\linyx\Documents\Code\Omegaa4\DTGGANG\SomethingNew\SomethingNew\Library\ScriptAssemblies\Unity.2D.Animation.Editor.dll
Symbol file LoadedFromMemory is not a mono symbol file
Symbol file data-000001C0FC438A70 doesn't match image C:\Users\linyx\Documents\Code\Omegaa4\DTGGANG\SomethingNew\SomethingNew\Library\ScriptAssemblies\Unity.InternalAPIEngineBridge.001.dll
Symbol file LoadedFromMemory is not a mono symbol file
Symbol file data-000001C0FA75C030 doesn't match image C:\Users\linyx\Documents\Code\Omegaa4\DTGGANG\SomethingNew\SomethingNew\Library\ScriptAssemblies\Unity.VSCode.Editor.dll
Symbol file LoadedFromMemory is not a mono symbol file
Symbol file data-000001C11D7AD4D0 doesn't match image C:\Users\linyx\Documents\Code\Omegaa4\DTGGANG\SomethingNew\SomethingNew\Library\ScriptAssemblies\Unity.2D.PixelPerfect.dll
Symbol file LoadedFromMemory is not a mono symbol file
Symbol file data-000001C0FC729010 doesn't match image C:\Users\linyx\Documents\Code\Omegaa4\DTGGANG\SomethingNew\SomethingNew\Library\ScriptAssemblies\PsdPlugin.dll
Symbol file LoadedFromMemory is not a mono symbol file
Symbol file data-000001C0FBAEB020 doesn't match image C:\Users\linyx\Documents\Code\Omegaa4\DTGGANG\SomethingNew\SomethingNew\Library\ScriptAssemblies\Unity.TextMeshPro.Editor.dll
Symbol file LoadedFromMemory is not a mono symbol file
Symbol file data-000001C0FC6E7030 doesn't match image C:\Users\linyx\Documents\Code\Omegaa4\DTGGANG\SomethingNew\SomethingNew\Library\ScriptAssemblies\Unity.VisualStudio.Editor.dll
Symbol file LoadedFromMemory is not a mono symbol file
Symbol file data-000001C0FBFA17C0 doesn't match image C:\Users\linyx\Documents\Code\Omegaa4\DTGGANG\SomethingNew\SomethingNew\Library\ScriptAssemblies\UnityEngine.TestRunner.dll
Symbol file LoadedFromMemory is not a mono symbol file
Symbol file data-000001C0F500ACD0 doesn't match image C:\Users\linyx\Documents\Code\Omegaa4\DTGGANG\SomethingNew\SomethingNew\Library\ScriptAssemblies\Unity.Timeline.dll
Symbol file LoadedFromMemory is not a mono symbol file
Symbol file data-000001C0F9A98430 doesn't match image C:\Users\linyx\Documents\Code\Omegaa4\DTGGANG\SomethingNew\SomethingNew\Library\ScriptAssemblies\Unity.TextMeshPro.dll
Symbol file LoadedFromMemory is not a mono symbol file
Symbol file data-000001C0FC586BC0 doesn't match image C:\Users\linyx\Documents\Code\Omegaa4\DTGGANG\SomethingNew\SomethingNew\Library\ScriptAssemblies\UnityEditor.TestRunner.dll
Symbol file LoadedFromMemory is not a mono symbol file
Symbol file data-000001C0FC5AA020 doesn't match image C:\Users\linyx\Documents\Code\Omegaa4\DTGGANG\SomethingNew\SomethingNew\Library\ScriptAssemblies\Unity.2D.IK.Editor.dll
Symbol file LoadedFromMemory is not a mono symbol file
Symbol file data-000001C0F93C3D50 doesn't match image C:\Users\linyx\Documents\Code\Omegaa4\DTGGANG\SomethingNew\SomethingNew\Library\ScriptAssemblies\Unity.2D.Psdimporter.Editor.dll
Symbol file LoadedFromMemory is not a mono symbol file
Symbol file data-000001C11D098030 doesn't match image C:\Users\linyx\Documents\Code\Omegaa4\DTGGANG\SomethingNew\SomethingNew\Library\ScriptAssemblies\Unity.2D.Path.Editor.dll
Symbol file LoadedFromMemory is not a mono symbol file
Symbol file data-000001C0FB8AB430 doesn't match image C:\Users\linyx\Documents\Code\Omegaa4\DTGGANG\SomethingNew\SomethingNew\Library\ScriptAssemblies\Unity.InternalAPIEditorBridge.001.dll
Symbol file LoadedFromMemory is not a mono symbol file
Symbol file data-000001C0FB438020 doesn't match image C:\Users\linyx\Documents\Code\Omegaa4\DTGGANG\SomethingNew\SomethingNew\Library\ScriptAssemblies\Unity.Rider.Editor.dll
Symbol file LoadedFromMemory is not a mono symbol file
Symbol file data-000001C0F94FA010 doesn't match image C:\Users\linyx\Documents\Code\Omegaa4\DTGGANG\SomethingNew\SomethingNew\Library\ScriptAssemblies\Unity.Mathematics.dll
Symbol file LoadedFromMemory is not a mono symbol file
Symbol file data-000001C0FA75C030 doesn't match image C:\Users\linyx\Documents\Code\Omegaa4\DTGGANG\SomethingNew\SomethingNew\Library\ScriptAssemblies\Unity.2D.IK.Runtime.dll
Symbol file LoadedFromMemory is not a mono symbol file
Symbol file data-000001C0FB3B8E30 doesn't match image C:\Users\linyx\Documents\Code\Omegaa4\DTGGANG\SomethingNew\SomethingNew\Library\ScriptAssemblies\Cinemachine.dll
Symbol file LoadedFromMemory is not a mono symbol file
Symbol file data-000001C0FBAEB020 doesn't match image C:\Users\linyx\Documents\Code\Omegaa4\DTGGANG\SomethingNew\SomethingNew\Library\ScriptAssemblies\com.unity.cinemachine.editor.dll
Symbol file LoadedFromMemory is not a mono symbol file
Symbol file data-000001C0FBB67020 doesn't match image C:\Users\linyx\Documents\Code\Omegaa4\DTGGANG\SomethingNew\SomethingNew\Library\ScriptAssemblies\Unity.2D.Animation.Triangle.Runtime.dll
Symbol file LoadedFromMemory is not a mono symbol file
Symbol file data-000001C0FA13E040 doesn't match image C:\Users\linyx\Documents\Code\Omegaa4\DTGGANG\SomethingNew\SomethingNew\Library\ScriptAssemblies\Unity.2D.Animation.Runtime.dll
Symbol file LoadedFromMemory is not a mono symbol file
Symbol file data-000001C0FB8AB430 doesn't match image C:\Users\linyx\Documents\Code\Omegaa4\DTGGANG\SomethingNew\SomethingNew\Library\ScriptAssemblies\Unity.2D.PixelPerfect.Editor.dll
Symbol file LoadedFromMemory is not a mono symbol file
Symbol file data-000001C11CFAC020 doesn't match image C:\Users\linyx\Documents\Code\Omegaa4\DTGGANG\SomethingNew\SomethingNew\Library\ScriptAssemblies\Unity.Timeline.Editor.dll
Symbol file LoadedFromMemory is not a mono symbol file
Symbol file data-000001C0FBFA17C0 doesn't match image C:\Users\linyx\Documents\Code\Omegaa4\DTGGANG\SomethingNew\SomethingNew\Library\ScriptAssemblies\Unity.CollabProxy.Editor.dll
Symbol file LoadedFromMemory is not a mono symbol file
Symbol file data-000001C0F4B6A240 doesn't match image C:\Users\linyx\Documents\Code\Omegaa4\DTGGANG\SomethingNew\SomethingNew\Library\ScriptAssemblies\Unity.Mathematics.Editor.dll
Symbol file LoadedFromMemory is not a mono symbol file
Symbol file data-000001C0FB28E260 doesn't match image C:\Users\linyx\Documents\Code\Omegaa4\DTGGANG\SomethingNew\SomethingNew\Library\ScriptAssemblies\Unity.2D.Common.Runtime.dll
Symbol file LoadedFromMemory is not a mono symbol file
Symbol file data-000001C0F93C3D50 doesn't match image C:\Users\linyx\Documents\Code\Omegaa4\DTGGANG\SomethingNew\SomethingNew\Library\ScriptAssemblies\Unity.2D.SpriteShape.Editor.dll
Symbol file LoadedFromMemory is not a mono symbol file
Symbol file data-000001C0F4D71010 doesn't match image C:\Users\linyx\Documents\Code\Omegaa4\DTGGANG\SomethingNew\SomethingNew\Library\ScriptAssemblies\Unity.2D.Common.Editor.dll
Symbol file LoadedFromMemory is not a mono symbol file
Symbol file data-000001C0F51A8CF0 doesn't match image C:\Users\linyx\Documents\Code\Omegaa4\DTGGANG\SomethingNew\SomethingNew\Library\ScriptAssemblies\Unity.2D.SpriteShape.Runtime.dll
Symbol file LoadedFromMemory is not a mono symbol file
Native extension for WindowsStandalone target not found
Refreshing native plugins compatible for Editor in 0.41 ms, found 1 plugins.
Preloading 0 native plugins for Editor in 0.00 ms.
Invoked RoslynAnalysisRunner static constructor.
RoslynAnalysisRunner will not be running.
RoslynAnalysisRunner has terminated.
Mono: successfully reloaded assembly
- Completed reload, in  0.921 seconds
Platform modules already initialized, skipping
Refreshing native plugins compatible for Editor in 0.44 ms, found 1 plugins.
Preloading 0 native plugins for Editor in 0.00 ms.
Unloading 1961 Unused Serialized files (Serialized files now loaded: 0)
System memory in use before: 91.1 MB.
System memory in use after: 91.1 MB.

Unloading 13 unused Assets to reduce memory usage. Loaded Objects now: 2445.
Total: 2.153700 ms (FindLiveObjects: 0.204300 ms CreateObjectMapping: 0.103200 ms MarkObjects: 1.737200 ms  DeleteObjects: 0.107900 ms)

========================================================================
Received Prepare
Registering precompiled user dll's ...
Registered in 0.001198 seconds.
Begin MonoManager ReloadAssembly
Symbol file data-000001C0F981C020 doesn't match image C:\Users\linyx\Documents\Code\Omegaa4\DTGGANG\SomethingNew\SomethingNew\Library\ScriptAssemblies\Unity.2D.Animation.Editor.dll
Symbol file LoadedFromMemory is not a mono symbol file
Symbol file data-000001C0FC437F60 doesn't match image C:\Users\linyx\Documents\Code\Omegaa4\DTGGANG\SomethingNew\SomethingNew\Library\ScriptAssemblies\Unity.InternalAPIEngineBridge.001.dll
Symbol file LoadedFromMemory is not a mono symbol file
Symbol file data-000001C0FA6D4030 doesn't match image C:\Users\linyx\Documents\Code\Omegaa4\DTGGANG\SomethingNew\SomethingNew\Library\ScriptAssemblies\Unity.VSCode.Editor.dll
Symbol file LoadedFromMemory is not a mono symbol file
Symbol file data-000001C11D7B2330 doesn't match image C:\Users\linyx\Documents\Code\Omegaa4\DTGGANG\SomethingNew\SomethingNew\Library\ScriptAssemblies\Unity.2D.PixelPerfect.dll
Symbol file LoadedFromMemory is not a mono symbol file
Symbol file data-000001C0FC729010 doesn't match image C:\Users\linyx\Documents\Code\Omegaa4\DTGGANG\SomethingNew\SomethingNew\Library\ScriptAssemblies\PsdPlugin.dll
Symbol file LoadedFromMemory is not a mono symbol file
Symbol file data-000001C11D7DC020 doesn't match image C:\Users\linyx\Documents\Code\Omegaa4\DTGGANG\SomethingNew\SomethingNew\Library\ScriptAssemblies\Unity.TextMeshPro.Editor.dll
Symbol file LoadedFromMemory is not a mono symbol file
Symbol file data-000001C11D6DE060 doesn't match image C:\Users\linyx\Documents\Code\Omegaa4\DTGGANG\SomethingNew\SomethingNew\Library\ScriptAssemblies\Unity.VisualStudio.Editor.dll
Symbol file LoadedFromMemory is not a mono symbol file
Symbol file data-000001C0FAB0B010 doesn't match image C:\Users\linyx\Documents\Code\Omegaa4\DTGGANG\SomethingNew\SomethingNew\Library\ScriptAssemblies\UnityEngine.TestRunner.dll
Symbol file LoadedFromMemory is not a mono symbol file
Symbol file data-000001C0F9BB0020 doesn't match image C:\Users\linyx\Documents\Code\Omegaa4\DTGGANG\SomethingNew\SomethingNew\Library\ScriptAssemblies\Unity.Timeline.dll
Symbol file LoadedFromMemory is not a mono symbol file
Symbol file data-000001C0F9A98430 doesn't match image C:\Users\linyx\Documents\Code\Omegaa4\DTGGANG\SomethingNew\SomethingNew\Library\ScriptAssemblies\Unity.TextMeshPro.dll
Symbol file LoadedFromMemory is not a mono symbol file
Symbol file data-000001C0FC586BC0 doesn't match image C:\Users\linyx\Documents\Code\Omegaa4\DTGGANG\SomethingNew\SomethingNew\Library\ScriptAssemblies\UnityEditor.TestRunner.dll
Symbol file LoadedFromMemory is not a mono symbol file
Symbol file data-000001C0FC5AA020 doesn't match image C:\Users\linyx\Documents\Code\Omegaa4\DTGGANG\SomethingNew\SomethingNew\Library\ScriptAssemblies\Unity.2D.IK.Editor.dll
Symbol file LoadedFromMemory is not a mono symbol file
Symbol file data-000001C0F93C3D50 doesn't match image C:\Users\linyx\Documents\Code\Omegaa4\DTGGANG\SomethingNew\SomethingNew\Library\ScriptAssemblies\Unity.2D.Psdimporter.Editor.dll
Symbol file LoadedFromMemory is not a mono symbol file
Symbol file data-000001C0FBAF3030 doesn't match image C:\Users\linyx\Documents\Code\Omegaa4\DTGGANG\SomethingNew\SomethingNew\Library\ScriptAssemblies\Unity.2D.Path.Editor.dll
Symbol file LoadedFromMemory is not a mono symbol file
Symbol file data-000001C0FBB0B030 doesn't match image C:\Users\linyx\Documents\Code\Omegaa4\DTGGANG\SomethingNew\SomethingNew\Library\ScriptAssemblies\Unity.InternalAPIEditorBridge.001.dll
Symbol file LoadedFromMemory is not a mono symbol file
Symbol file data-000001C0FB438020 doesn't match image C:\Users\linyx\Documents\Code\Omegaa4\DTGGANG\SomethingNew\SomethingNew\Library\ScriptAssemblies\Unity.Rider.Editor.dll
Symbol file LoadedFromMemory is not a mono symbol file
Symbol file data-000001C0F94FA010 doesn't match image C:\Users\linyx\Documents\Code\Omegaa4\DTGGANG\SomethingNew\SomethingNew\Library\ScriptAssemblies\Unity.Mathematics.dll
Symbol file LoadedFromMemory is not a mono symbol file
Symbol file data-000001C0FA6D4030 doesn't match image C:\Users\linyx\Documents\Code\Omegaa4\DTGGANG\SomethingNew\SomethingNew\Library\ScriptAssemblies\Unity.2D.IK.Runtime.dll
Symbol file LoadedFromMemory is not a mono symbol file
Symbol file data-000001C0F53B9030 doesn't match image C:\Users\linyx\Documents\Code\Omegaa4\DTGGANG\SomethingNew\SomethingNew\Library\ScriptAssemblies\Cinemachine.dll
Symbol file LoadedFromMemory is not a mono symbol file
Symbol file data-000001C0FAA2C010 doesn't match image C:\Users\linyx\Documents\Code\Omegaa4\DTGGANG\SomethingNew\SomethingNew\Library\ScriptAssemblies\com.unity.cinemachine.editor.dll
Symbol file LoadedFromMemory is not a mono symbol file
Symbol file data-000001C11DAD4650 doesn't match image C:\Users\linyx\Documents\Code\Omegaa4\DTGGANG\SomethingNew\SomethingNew\Library\ScriptAssemblies\Unity.2D.Animation.Triangle.Runtime.dll
Symbol file LoadedFromMemory is not a mono symbol file
Symbol file data-000001C0FAF64020 doesn't match image C:\Users\linyx\Documents\Code\Omegaa4\DTGGANG\SomethingNew\SomethingNew\Library\ScriptAssemblies\Unity.2D.Animation.Runtime.dll
Symbol file LoadedFromMemory is not a mono symbol file
Symbol file data-000001C0F9BBD880 doesn't match image C:\Users\linyx\Documents\Code\Omegaa4\DTGGANG\SomethingNew\SomethingNew\Library\ScriptAssemblies\Unity.2D.PixelPerfect.Editor.dll
Symbol file LoadedFromMemory is not a mono symbol file
Symbol file data-000001C11DB84080 doesn't match image C:\Users\linyx\Documents\Code\Omegaa4\DTGGANG\SomethingNew\SomethingNew\Library\ScriptAssemblies\Unity.Timeline.Editor.dll
Symbol file LoadedFromMemory is not a mono symbol file
Symbol file data-000001C11D21A020 doesn't match image C:\Users\linyx\Documents\Code\Omegaa4\DTGGANG\SomethingNew\SomethingNew\Library\ScriptAssemblies\Unity.CollabProxy.Editor.dll
Symbol file LoadedFromMemory is not a mono symbol file
Symbol file data-000001C0FBF5C040 doesn't match image C:\Users\linyx\Documents\Code\Omegaa4\DTGGANG\SomethingNew\SomethingNew\Library\ScriptAssemblies\Unity.Mathematics.Editor.dll
Symbol file LoadedFromMemory is not a mono symbol file
Symbol file data-000001C0FC5147C0 doesn't match image C:\Users\linyx\Documents\Code\Omegaa4\DTGGANG\SomethingNew\SomethingNew\Library\ScriptAssemblies\Unity.2D.Common.Runtime.dll
Symbol file LoadedFromMemory is not a mono symbol file
Symbol file data-000001C0F93C3D50 doesn't match image C:\Users\linyx\Documents\Code\Omegaa4\DTGGANG\SomethingNew\SomethingNew\Library\ScriptAssemblies\Unity.2D.SpriteShape.Editor.dll
Symbol file LoadedFromMemory is not a mono symbol file
Symbol file data-000001C0CD918410 doesn't match image C:\Users\linyx\Documents\Code\Omegaa4\DTGGANG\SomethingNew\SomethingNew\Library\ScriptAssemblies\Unity.2D.Common.Editor.dll
Symbol file LoadedFromMemory is not a mono symbol file
Symbol file data-000001C0FABA1010 doesn't match image C:\Users\linyx\Documents\Code\Omegaa4\DTGGANG\SomethingNew\SomethingNew\Library\ScriptAssemblies\Unity.2D.SpriteShape.Runtime.dll
Symbol file LoadedFromMemory is not a mono symbol file
Native extension for WindowsStandalone target not found
Refreshing native plugins compatible for Editor in 0.37 ms, found 1 plugins.
Preloading 0 native plugins for Editor in 0.00 ms.
Invoked RoslynAnalysisRunner static constructor.
RoslynAnalysisRunner will not be running.
RoslynAnalysisRunner has terminated.
Mono: successfully reloaded assembly
- Completed reload, in  0.822 seconds
Platform modules already initialized, skipping
Refreshing native plugins compatible for Editor in 0.54 ms, found 1 plugins.
Preloading 0 native plugins for Editor in 0.00 ms.
Unloading 1961 Unused Serialized files (Serialized files now loaded: 0)
System memory in use before: 91.1 MB.
System memory in use after: 91.1 MB.

Unloading 13 unused Assets to reduce memory usage. Loaded Objects now: 2449.
Total: 2.357400 ms (FindLiveObjects: 0.209500 ms CreateObjectMapping: 0.074800 ms MarkObjects: 1.922800 ms  DeleteObjects: 0.148900 ms)

========================================================================
Received Prepare
Registering precompiled user dll's ...
Registered in 0.001185 seconds.
Begin MonoManager ReloadAssembly
Symbol file data-000001C0F9E2E010 doesn't match image C:\Users\linyx\Documents\Code\Omegaa4\DTGGANG\SomethingNew\SomethingNew\Library\ScriptAssemblies\Unity.2D.Animation.Editor.dll
Symbol file LoadedFromMemory is not a mono symbol file
Symbol file data-000001C0FC4370A0 doesn't match image C:\Users\linyx\Documents\Code\Omegaa4\DTGGANG\SomethingNew\SomethingNew\Library\ScriptAssemblies\Unity.InternalAPIEngineBridge.001.dll
Symbol file LoadedFromMemory is not a mono symbol file
Symbol file data-000001C0FC3E5020 doesn't match image C:\Users\linyx\Documents\Code\Omegaa4\DTGGANG\SomethingNew\SomethingNew\Library\ScriptAssemblies\Unity.VSCode.Editor.dll
Symbol file LoadedFromMemory is not a mono symbol file
Symbol file data-000001C11D7B6480 doesn't match image C:\Users\linyx\Documents\Code\Omegaa4\DTGGANG\SomethingNew\SomethingNew\Library\ScriptAssemblies\Unity.2D.PixelPerfect.dll
Symbol file LoadedFromMemory is not a mono symbol file
Symbol file data-000001C0FC613830 doesn't match image C:\Users\linyx\Documents\Code\Omegaa4\DTGGANG\SomethingNew\SomethingNew\Library\ScriptAssemblies\PsdPlugin.dll
Symbol file LoadedFromMemory is not a mono symbol file
Symbol file data-000001C11DB38010 doesn't match image C:\Users\linyx\Documents\Code\Omegaa4\DTGGANG\SomethingNew\SomethingNew\Library\ScriptAssemblies\Unity.TextMeshPro.Editor.dll
Symbol file LoadedFromMemory is not a mono symbol file
Symbol file data-000001C0F9CAD010 doesn't match image C:\Users\linyx\Documents\Code\Omegaa4\DTGGANG\SomethingNew\SomethingNew\Library\ScriptAssemblies\Unity.VisualStudio.Editor.dll
Symbol file LoadedFromMemory is not a mono symbol file
Symbol file data-000001C0FAB0B010 doesn't match image C:\Users\linyx\Documents\Code\Omegaa4\DTGGANG\SomethingNew\SomethingNew\Library\ScriptAssemblies\UnityEngine.TestRunner.dll
Symbol file LoadedFromMemory is not a mono symbol file
Symbol file data-000001C0FC3F9010 doesn't match image C:\Users\linyx\Documents\Code\Omegaa4\DTGGANG\SomethingNew\SomethingNew\Library\ScriptAssemblies\Unity.Timeline.dll
Symbol file LoadedFromMemory is not a mono symbol file
Symbol file data-000001C0F9A98430 doesn't match image C:\Users\linyx\Documents\Code\Omegaa4\DTGGANG\SomethingNew\SomethingNew\Library\ScriptAssemblies\Unity.TextMeshPro.dll
Symbol file LoadedFromMemory is not a mono symbol file
Symbol file data-000001C0FC586BC0 doesn't match image C:\Users\linyx\Documents\Code\Omegaa4\DTGGANG\SomethingNew\SomethingNew\Library\ScriptAssemblies\UnityEditor.TestRunner.dll
Symbol file LoadedFromMemory is not a mono symbol file
Symbol file data-000001C0FC5AA020 doesn't match image C:\Users\linyx\Documents\Code\Omegaa4\DTGGANG\SomethingNew\SomethingNew\Library\ScriptAssemblies\Unity.2D.IK.Editor.dll
Symbol file LoadedFromMemory is not a mono symbol file
Symbol file data-000001C0F93C3D50 doesn't match image C:\Users\linyx\Documents\Code\Omegaa4\DTGGANG\SomethingNew\SomethingNew\Library\ScriptAssemblies\Unity.2D.Psdimporter.Editor.dll
Symbol file LoadedFromMemory is not a mono symbol file
Symbol file data-000001C0FBAF3030 doesn't match image C:\Users\linyx\Documents\Code\Omegaa4\DTGGANG\SomethingNew\SomethingNew\Library\ScriptAssemblies\Unity.2D.Path.Editor.dll
Symbol file LoadedFromMemory is not a mono symbol file
Symbol file data-000001C0F51A8040 doesn't match image C:\Users\linyx\Documents\Code\Omegaa4\DTGGANG\SomethingNew\SomethingNew\Library\ScriptAssemblies\Unity.InternalAPIEditorBridge.001.dll
Symbol file LoadedFromMemory is not a mono symbol file
Symbol file data-000001C0FB438020 doesn't match image C:\Users\linyx\Documents\Code\Omegaa4\DTGGANG\SomethingNew\SomethingNew\Library\ScriptAssemblies\Unity.Rider.Editor.dll
Symbol file LoadedFromMemory is not a mono symbol file
Symbol file data-000001C0F94FA010 doesn't match image C:\Users\linyx\Documents\Code\Omegaa4\DTGGANG\SomethingNew\SomethingNew\Library\ScriptAssemblies\Unity.Mathematics.dll
Symbol file LoadedFromMemory is not a mono symbol file
Symbol file data-000001C0FC3E5020 doesn't match image C:\Users\linyx\Documents\Code\Omegaa4\DTGGANG\SomethingNew\SomethingNew\Library\ScriptAssemblies\Unity.2D.IK.Runtime.dll
Symbol file LoadedFromMemory is not a mono symbol file
Symbol file data-000001C0FB304010 doesn't match image C:\Users\linyx\Documents\Code\Omegaa4\DTGGANG\SomethingNew\SomethingNew\Library\ScriptAssemblies\Cinemachine.dll
Symbol file LoadedFromMemory is not a mono symbol file
Symbol file data-000001C11DB38010 doesn't match image C:\Users\linyx\Documents\Code\Omegaa4\DTGGANG\SomethingNew\SomethingNew\Library\ScriptAssemblies\com.unity.cinemachine.editor.dll
Symbol file LoadedFromMemory is not a mono symbol file
Symbol file data-000001C0FBB67020 doesn't match image C:\Users\linyx\Documents\Code\Omegaa4\DTGGANG\SomethingNew\SomethingNew\Library\ScriptAssemblies\Unity.2D.Animation.Triangle.Runtime.dll
Symbol file LoadedFromMemory is not a mono symbol file
Symbol file data-000001C0FAF64020 doesn't match image C:\Users\linyx\Documents\Code\Omegaa4\DTGGANG\SomethingNew\SomethingNew\Library\ScriptAssemblies\Unity.2D.Animation.Runtime.dll
Symbol file LoadedFromMemory is not a mono symbol file
Symbol file data-000001C0F93BB020 doesn't match image C:\Users\linyx\Documents\Code\Omegaa4\DTGGANG\SomethingNew\SomethingNew\Library\ScriptAssemblies\Unity.2D.PixelPerfect.Editor.dll
Symbol file LoadedFromMemory is not a mono symbol file
Symbol file data-000001C0FB0AF030 doesn't match image C:\Users\linyx\Documents\Code\Omegaa4\DTGGANG\SomethingNew\SomethingNew\Library\ScriptAssemblies\Unity.Timeline.Editor.dll
Symbol file LoadedFromMemory is not a mono symbol file
Symbol file data-000001C11D21A020 doesn't match image C:\Users\linyx\Documents\Code\Omegaa4\DTGGANG\SomethingNew\SomethingNew\Library\ScriptAssemblies\Unity.CollabProxy.Editor.dll
Symbol file LoadedFromMemory is not a mono symbol file
Symbol file data-000001C0FBF5C040 doesn't match image C:\Users\linyx\Documents\Code\Omegaa4\DTGGANG\SomethingNew\SomethingNew\Library\ScriptAssemblies\Unity.Mathematics.Editor.dll
Symbol file LoadedFromMemory is not a mono symbol file
Symbol file data-000001C0F4D2DAC0 doesn't match image C:\Users\linyx\Documents\Code\Omegaa4\DTGGANG\SomethingNew\SomethingNew\Library\ScriptAssemblies\Unity.2D.Common.Runtime.dll
Symbol file LoadedFromMemory is not a mono symbol file
Symbol file data-000001C0F93C3D50 doesn't match image C:\Users\linyx\Documents\Code\Omegaa4\DTGGANG\SomethingNew\SomethingNew\Library\ScriptAssemblies\Unity.2D.SpriteShape.Editor.dll
Symbol file LoadedFromMemory is not a mono symbol file
Symbol file data-000001C0CD918410 doesn't match image C:\Users\linyx\Documents\Code\Omegaa4\DTGGANG\SomethingNew\SomethingNew\Library\ScriptAssemblies\Unity.2D.Common.Editor.dll
Symbol file LoadedFromMemory is not a mono symbol file
Symbol file data-000001C0FBB95010 doesn't match image C:\Users\linyx\Documents\Code\Omegaa4\DTGGANG\SomethingNew\SomethingNew\Library\ScriptAssemblies\Unity.2D.SpriteShape.Runtime.dll
Symbol file LoadedFromMemory is not a mono symbol file
Native extension for WindowsStandalone target not found
Refreshing native plugins compatible for Editor in 0.38 ms, found 1 plugins.
Preloading 0 native plugins for Editor in 0.00 ms.
Invoked RoslynAnalysisRunner static constructor.
RoslynAnalysisRunner will not be running.
RoslynAnalysisRunner has terminated.
Mono: successfully reloaded assembly
- Completed reload, in  1.001 seconds
Platform modules already initialized, skipping
Refreshing native plugins compatible for Editor in 0.46 ms, found 1 plugins.
Preloading 0 native plugins for Editor in 0.00 ms.
Unloading 1961 Unused Serialized files (Serialized files now loaded: 0)
System memory in use before: 91.1 MB.
System memory in use after: 91.1 MB.

Unloading 13 unused Assets to reduce memory usage. Loaded Objects now: 2453.
Total: 6.813000 ms (FindLiveObjects: 0.317600 ms CreateObjectMapping: 0.100100 ms MarkObjects: 6.193400 ms  DeleteObjects: 0.199700 ms)

========================================================================
Received Prepare
Registering precompiled user dll's ...
Registered in 0.002314 seconds.
Begin MonoManager ReloadAssembly
Symbol file data-000001C0F981C020 doesn't match image C:\Users\linyx\Documents\Code\Omegaa4\DTGGANG\SomethingNew\SomethingNew\Library\ScriptAssemblies\Unity.2D.Animation.Editor.dll
Symbol file LoadedFromMemory is not a mono symbol file
Symbol file data-000001C0FC4386C0 doesn't match image C:\Users\linyx\Documents\Code\Omegaa4\DTGGANG\SomethingNew\SomethingNew\Library\ScriptAssemblies\Unity.InternalAPIEngineBridge.001.dll
Symbol file LoadedFromMemory is not a mono symbol file
Symbol file data-000001C0FA6D4030 doesn't match image C:\Users\linyx\Documents\Code\Omegaa4\DTGGANG\SomethingNew\SomethingNew\Library\ScriptAssemblies\Unity.VSCode.Editor.dll
Symbol file LoadedFromMemory is not a mono symbol file
Symbol file data-000001C11D7AEEF0 doesn't match image C:\Users\linyx\Documents\Code\Omegaa4\DTGGANG\SomethingNew\SomethingNew\Library\ScriptAssemblies\Unity.2D.PixelPerfect.dll
Symbol file LoadedFromMemory is not a mono symbol file
Symbol file data-000001C0FC613830 doesn't match image C:\Users\linyx\Documents\Code\Omegaa4\DTGGANG\SomethingNew\SomethingNew\Library\ScriptAssemblies\PsdPlugin.dll
Symbol file LoadedFromMemory is not a mono symbol file
Symbol file data-000001C0F4F0A020 doesn't match image C:\Users\linyx\Documents\Code\Omegaa4\DTGGANG\SomethingNew\SomethingNew\Library\ScriptAssemblies\Unity.TextMeshPro.Editor.dll
Symbol file LoadedFromMemory is not a mono symbol file
Symbol file data-000001C0F9CAD010 doesn't match image C:\Users\linyx\Documents\Code\Omegaa4\DTGGANG\SomethingNew\SomethingNew\Library\ScriptAssemblies\Unity.VisualStudio.Editor.dll
Symbol file LoadedFromMemory is not a mono symbol file
Symbol file data-000001C0FC4FA040 doesn't match image C:\Users\linyx\Documents\Code\Omegaa4\DTGGANG\SomethingNew\SomethingNew\Library\ScriptAssemblies\UnityEngine.TestRunner.dll
Symbol file LoadedFromMemory is not a mono symbol file
Symbol file data-000001C0F945A010 doesn't match image C:\Users\linyx\Documents\Code\Omegaa4\DTGGANG\SomethingNew\SomethingNew\Library\ScriptAssemblies\Unity.Timeline.dll
Symbol file LoadedFromMemory is not a mono symbol file
Symbol file data-000001C11DCDA010 doesn't match image C:\Users\linyx\Documents\Code\Omegaa4\DTGGANG\SomethingNew\SomethingNew\Library\ScriptAssemblies\Unity.TextMeshPro.dll
Symbol file LoadedFromMemory is not a mono symbol file
Symbol file data-000001C0FC586BC0 doesn't match image C:\Users\linyx\Documents\Code\Omegaa4\DTGGANG\SomethingNew\SomethingNew\Library\ScriptAssemblies\UnityEditor.TestRunner.dll
Symbol file LoadedFromMemory is not a mono symbol file
Symbol file data-000001C0FC5AA020 doesn't match image C:\Users\linyx\Documents\Code\Omegaa4\DTGGANG\SomethingNew\SomethingNew\Library\ScriptAssemblies\Unity.2D.IK.Editor.dll
Symbol file LoadedFromMemory is not a mono symbol file
Symbol file data-000001C0FBFED010 doesn't match image C:\Users\linyx\Documents\Code\Omegaa4\DTGGANG\SomethingNew\SomethingNew\Library\ScriptAssemblies\Unity.2D.Psdimporter.Editor.dll
Symbol file LoadedFromMemory is not a mono symbol file
Symbol file data-000001C0FBAF3030 doesn't match image C:\Users\linyx\Documents\Code\Omegaa4\DTGGANG\SomethingNew\SomethingNew\Library\ScriptAssemblies\Unity.2D.Path.Editor.dll
Symbol file LoadedFromMemory is not a mono symbol file
Symbol file data-000001C0F508D730 doesn't match image C:\Users\linyx\Documents\Code\Omegaa4\DTGGANG\SomethingNew\SomethingNew\Library\ScriptAssemblies\Unity.InternalAPIEditorBridge.001.dll
Symbol file LoadedFromMemory is not a mono symbol file
Symbol file data-000001C0FB438020 doesn't match image C:\Users\linyx\Documents\Code\Omegaa4\DTGGANG\SomethingNew\SomethingNew\Library\ScriptAssemblies\Unity.Rider.Editor.dll
Symbol file LoadedFromMemory is not a mono symbol file
Symbol file data-000001C0F94FA010 doesn't match image C:\Users\linyx\Documents\Code\Omegaa4\DTGGANG\SomethingNew\SomethingNew\Library\ScriptAssemblies\Unity.Mathematics.dll
Symbol file LoadedFromMemory is not a mono symbol file
Symbol file data-000001C0FA6D4030 doesn't match image C:\Users\linyx\Documents\Code\Omegaa4\DTGGANG\SomethingNew\SomethingNew\Library\ScriptAssemblies\Unity.2D.IK.Runtime.dll
Symbol file LoadedFromMemory is not a mono symbol file
Symbol file data-000001C0FB898020 doesn't match image C:\Users\linyx\Documents\Code\Omegaa4\DTGGANG\SomethingNew\SomethingNew\Library\ScriptAssemblies\Cinemachine.dll
Symbol file LoadedFromMemory is not a mono symbol file
Symbol file data-000001C0F4F0A020 doesn't match image C:\Users\linyx\Documents\Code\Omegaa4\DTGGANG\SomethingNew\SomethingNew\Library\ScriptAssemblies\com.unity.cinemachine.editor.dll
Symbol file LoadedFromMemory is not a mono symbol file
Symbol file data-000001C11CEBA4C0 doesn't match image C:\Users\linyx\Documents\Code\Omegaa4\DTGGANG\SomethingNew\SomethingNew\Library\ScriptAssemblies\Unity.2D.Animation.Triangle.Runtime.dll
Symbol file LoadedFromMemory is not a mono symbol file
Symbol file data-000001C0FAF64020 doesn't match image C:\Users\linyx\Documents\Code\Omegaa4\DTGGANG\SomethingNew\SomethingNew\Library\ScriptAssemblies\Unity.2D.Animation.Runtime.dll
Symbol file LoadedFromMemory is not a mono symbol file
Symbol file data-000001C0F9F0A040 doesn't match image C:\Users\linyx\Documents\Code\Omegaa4\DTGGANG\SomethingNew\SomethingNew\Library\ScriptAssemblies\Unity.2D.PixelPerfect.Editor.dll
Symbol file LoadedFromMemory is not a mono symbol file
Symbol file data-000001C11DAF6040 doesn't match image C:\Users\linyx\Documents\Code\Omegaa4\DTGGANG\SomethingNew\SomethingNew\Library\ScriptAssemblies\Unity.Timeline.Editor.dll
Symbol file LoadedFromMemory is not a mono symbol file
Symbol file data-000001C0FC4FA040 doesn't match image C:\Users\linyx\Documents\Code\Omegaa4\DTGGANG\SomethingNew\SomethingNew\Library\ScriptAssemblies\Unity.CollabProxy.Editor.dll
Symbol file LoadedFromMemory is not a mono symbol file
Symbol file data-000001C0F4B6A240 doesn't match image C:\Users\linyx\Documents\Code\Omegaa4\DTGGANG\SomethingNew\SomethingNew\Library\ScriptAssemblies\Unity.Mathematics.Editor.dll
Symbol file LoadedFromMemory is not a mono symbol file
Symbol file data-000001C0F9D8D5E0 doesn't match image C:\Users\linyx\Documents\Code\Omegaa4\DTGGANG\SomethingNew\SomethingNew\Library\ScriptAssemblies\Unity.2D.Common.Runtime.dll
Symbol file LoadedFromMemory is not a mono symbol file
Symbol file data-000001C0F93C3D50 doesn't match image C:\Users\linyx\Documents\Code\Omegaa4\DTGGANG\SomethingNew\SomethingNew\Library\ScriptAssemblies\Unity.2D.SpriteShape.Editor.dll
Symbol file LoadedFromMemory is not a mono symbol file
Symbol file data-000001C0CD918410 doesn't match image C:\Users\linyx\Documents\Code\Omegaa4\DTGGANG\SomethingNew\SomethingNew\Library\ScriptAssemblies\Unity.2D.Common.Editor.dll
Symbol file LoadedFromMemory is not a mono symbol file
Symbol file data-000001C0FABA1010 doesn't match image C:\Users\linyx\Documents\Code\Omegaa4\DTGGANG\SomethingNew\SomethingNew\Library\ScriptAssemblies\Unity.2D.SpriteShape.Runtime.dll
Symbol file LoadedFromMemory is not a mono symbol file
Native extension for WindowsStandalone target not found
Refreshing native plugins compatible for Editor in 0.38 ms, found 1 plugins.
Preloading 0 native plugins for Editor in 0.00 ms.
Invoked RoslynAnalysisRunner static constructor.
RoslynAnalysisRunner will not be running.
RoslynAnalysisRunner has terminated.
Mono: successfully reloaded assembly
- Completed reload, in  1.202 seconds
Platform modules already initialized, skipping
Refreshing native plugins compatible for Editor in 0.37 ms, found 1 plugins.
Preloading 0 native plugins for Editor in 0.00 ms.
Unloading 1961 Unused Serialized files (Serialized files now loaded: 0)
System memory in use before: 91.1 MB.
System memory in use after: 91.1 MB.

Unloading 13 unused Assets to reduce memory usage. Loaded Objects now: 2457.
Total: 3.600900 ms (FindLiveObjects: 0.313300 ms CreateObjectMapping: 0.157100 ms MarkObjects: 2.642500 ms  DeleteObjects: 0.485100 ms)

========================================================================
Received Prepare
Refreshing native plugins compatible for Editor in 2.20 ms, found 1 plugins.
Preloading 0 native plugins for Editor in 0.00 ms.
Unloading 10 Unused Serialized files (Serialized files now loaded: 0)
System memory in use before: 52.5 MB.
System memory in use after: 52.5 MB.

Unloading 10 unused Assets to reduce memory usage. Loaded Objects now: 2457.
Total: 3.031800 ms (FindLiveObjects: 0.235600 ms CreateObjectMapping: 0.079900 ms MarkObjects: 2.598200 ms  DeleteObjects: 0.116100 ms)

========================================================================
Received Prepare
Registering precompiled user dll's ...
Registered in 0.001366 seconds.
Begin MonoManager ReloadAssembly
Symbol file data-000001C0F9E2E010 doesn't match image C:\Users\linyx\Documents\Code\Omegaa4\DTGGANG\SomethingNew\SomethingNew\Library\ScriptAssemblies\Unity.2D.Animation.Editor.dll
Symbol file LoadedFromMemory is not a mono symbol file
Symbol file data-000001C0FC4370A0 doesn't match image C:\Users\linyx\Documents\Code\Omegaa4\DTGGANG\SomethingNew\SomethingNew\Library\ScriptAssemblies\Unity.InternalAPIEngineBridge.001.dll
Symbol file LoadedFromMemory is not a mono symbol file
Symbol file data-000001C0FABAAE40 doesn't match image C:\Users\linyx\Documents\Code\Omegaa4\DTGGANG\SomethingNew\SomethingNew\Library\ScriptAssemblies\Unity.VSCode.Editor.dll
Symbol file LoadedFromMemory is not a mono symbol file
Symbol file data-000001C11D7AADA0 doesn't match image C:\Users\linyx\Documents\Code\Omegaa4\DTGGANG\SomethingNew\SomethingNew\Library\ScriptAssemblies\Unity.2D.PixelPerfect.dll
Symbol file LoadedFromMemory is not a mono symbol file
Symbol file data-000001C0FC613830 doesn't match image C:\Users\linyx\Documents\Code\Omegaa4\DTGGANG\SomethingNew\SomethingNew\Library\ScriptAssemblies\PsdPlugin.dll
Symbol file LoadedFromMemory is not a mono symbol file
Symbol file data-000001C0FBAEB020 doesn't match image C:\Users\linyx\Documents\Code\Omegaa4\DTGGANG\SomethingNew\SomethingNew\Library\ScriptAssemblies\Unity.TextMeshPro.Editor.dll
Symbol file LoadedFromMemory is not a mono symbol file
Symbol file data-000001C0FC5FD120 doesn't match image C:\Users\linyx\Documents\Code\Omegaa4\DTGGANG\SomethingNew\SomethingNew\Library\ScriptAssemblies\Unity.VisualStudio.Editor.dll
Symbol file LoadedFromMemory is not a mono symbol file
Symbol file data-000001C0F50F4340 doesn't match image C:\Users\linyx\Documents\Code\Omegaa4\DTGGANG\SomethingNew\SomethingNew\Library\ScriptAssemblies\UnityEngine.TestRunner.dll
Symbol file LoadedFromMemory is not a mono symbol file
Symbol file data-000001C0F945A010 doesn't match image C:\Users\linyx\Documents\Code\Omegaa4\DTGGANG\SomethingNew\SomethingNew\Library\ScriptAssemblies\Unity.Timeline.dll
Symbol file LoadedFromMemory is not a mono symbol file
Symbol file data-000001C11DCDA010 doesn't match image C:\Users\linyx\Documents\Code\Omegaa4\DTGGANG\SomethingNew\SomethingNew\Library\ScriptAssemblies\Unity.TextMeshPro.dll
Symbol file LoadedFromMemory is not a mono symbol file
Symbol file data-000001C0FC586BC0 doesn't match image C:\Users\linyx\Documents\Code\Omegaa4\DTGGANG\SomethingNew\SomethingNew\Library\ScriptAssemblies\UnityEditor.TestRunner.dll
Symbol file LoadedFromMemory is not a mono symbol file
Symbol file data-000001C0FABAAE40 doesn't match image C:\Users\linyx\Documents\Code\Omegaa4\DTGGANG\SomethingNew\SomethingNew\Library\ScriptAssemblies\Unity.2D.IK.Editor.dll
Symbol file LoadedFromMemory is not a mono symbol file
Symbol file data-000001C0FBFED010 doesn't match image C:\Users\linyx\Documents\Code\Omegaa4\DTGGANG\SomethingNew\SomethingNew\Library\ScriptAssemblies\Unity.2D.Psdimporter.Editor.dll
Symbol file LoadedFromMemory is not a mono symbol file
Symbol file data-000001C0F9281040 doesn't match image C:\Users\linyx\Documents\Code\Omegaa4\DTGGANG\SomethingNew\SomethingNew\Library\ScriptAssemblies\Unity.2D.Path.Editor.dll
Symbol file LoadedFromMemory is not a mono symbol file
Symbol file data-000001C0F508D730 doesn't match image C:\Users\linyx\Documents\Code\Omegaa4\DTGGANG\SomethingNew\SomethingNew\Library\ScriptAssemblies\Unity.InternalAPIEditorBridge.001.dll
Symbol file LoadedFromMemory is not a mono symbol file
Symbol file data-000001C0F55B1020 doesn't match image C:\Users\linyx\Documents\Code\Omegaa4\DTGGANG\SomethingNew\SomethingNew\Library\ScriptAssemblies\Unity.Rider.Editor.dll
Symbol file LoadedFromMemory is not a mono symbol file
Symbol file data-000001C0F94FA010 doesn't match image C:\Users\linyx\Documents\Code\Omegaa4\DTGGANG\SomethingNew\SomethingNew\Library\ScriptAssemblies\Unity.Mathematics.dll
Symbol file LoadedFromMemory is not a mono symbol file
Symbol file data-000001C0FABAAE40 doesn't match image C:\Users\linyx\Documents\Code\Omegaa4\DTGGANG\SomethingNew\SomethingNew\Library\ScriptAssemblies\Unity.2D.IK.Runtime.dll
Symbol file LoadedFromMemory is not a mono symbol file
Symbol file data-000001C0F4F06010 doesn't match image C:\Users\linyx\Documents\Code\Omegaa4\DTGGANG\SomethingNew\SomethingNew\Library\ScriptAssemblies\Cinemachine.dll
Symbol file LoadedFromMemory is not a mono symbol file
Symbol file data-000001C0FBF48020 doesn't match image C:\Users\linyx\Documents\Code\Omegaa4\DTGGANG\SomethingNew\SomethingNew\Library\ScriptAssemblies\com.unity.cinemachine.editor.dll
Symbol file LoadedFromMemory is not a mono symbol file
Symbol file data-000001C11CEBA4C0 doesn't match image C:\Users\linyx\Documents\Code\Omegaa4\DTGGANG\SomethingNew\SomethingNew\Library\ScriptAssemblies\Unity.2D.Animation.Triangle.Runtime.dll
Symbol file LoadedFromMemory is not a mono symbol file
Symbol file data-000001C0FAF64020 doesn't match image C:\Users\linyx\Documents\Code\Omegaa4\DTGGANG\SomethingNew\SomethingNew\Library\ScriptAssemblies\Unity.2D.Animation.Runtime.dll
Symbol file LoadedFromMemory is not a mono symbol file
Symbol file data-000001C0F93BB020 doesn't match image C:\Users\linyx\Documents\Code\Omegaa4\DTGGANG\SomethingNew\SomethingNew\Library\ScriptAssemblies\Unity.2D.PixelPerfect.Editor.dll
Symbol file LoadedFromMemory is not a mono symbol file
Symbol file data-000001C11D61A050 doesn't match image C:\Users\linyx\Documents\Code\Omegaa4\DTGGANG\SomethingNew\SomethingNew\Library\ScriptAssemblies\Unity.Timeline.Editor.dll
Symbol file LoadedFromMemory is not a mono symbol file
Symbol file data-000001C0F9DB1020 doesn't match image C:\Users\linyx\Documents\Code\Omegaa4\DTGGANG\SomethingNew\SomethingNew\Library\ScriptAssemblies\Unity.CollabProxy.Editor.dll
Symbol file LoadedFromMemory is not a mono symbol file
Symbol file data-000001C0FBF5C040 doesn't match image C:\Users\linyx\Documents\Code\Omegaa4\DTGGANG\SomethingNew\SomethingNew\Library\ScriptAssemblies\Unity.Mathematics.Editor.dll
Symbol file LoadedFromMemory is not a mono symbol file
Symbol file data-000001C0F9D8D240 doesn't match image C:\Users\linyx\Documents\Code\Omegaa4\DTGGANG\SomethingNew\SomethingNew\Library\ScriptAssemblies\Unity.2D.Common.Runtime.dll
Symbol file LoadedFromMemory is not a mono symbol file
Symbol file data-000001C0F93C3D50 doesn't match image C:\Users\linyx\Documents\Code\Omegaa4\DTGGANG\SomethingNew\SomethingNew\Library\ScriptAssemblies\Unity.2D.SpriteShape.Editor.dll
Symbol file LoadedFromMemory is not a mono symbol file
Symbol file data-000001C0F4D71010 doesn't match image C:\Users\linyx\Documents\Code\Omegaa4\DTGGANG\SomethingNew\SomethingNew\Library\ScriptAssemblies\Unity.2D.Common.Editor.dll
Symbol file LoadedFromMemory is not a mono symbol file
Symbol file data-000001C0FBB95010 doesn't match image C:\Users\linyx\Documents\Code\Omegaa4\DTGGANG\SomethingNew\SomethingNew\Library\ScriptAssemblies\Unity.2D.SpriteShape.Runtime.dll
Symbol file LoadedFromMemory is not a mono symbol file
Native extension for WindowsStandalone target not found
Refreshing native plugins compatible for Editor in 1.29 ms, found 1 plugins.
Preloading 0 native plugins for Editor in 0.00 ms.
Invoked RoslynAnalysisRunner static constructor.
RoslynAnalysisRunner will not be running.
RoslynAnalysisRunner has terminated.
Mono: successfully reloaded assembly
- Completed reload, in  0.947 seconds
Platform modules already initialized, skipping
Refreshing native plugins compatible for Editor in 1.35 ms, found 1 plugins.
Preloading 0 native plugins for Editor in 0.00 ms.
Unloading 1961 Unused Serialized files (Serialized files now loaded: 0)
System memory in use before: 91.1 MB.
System memory in use after: 91.1 MB.

Unloading 13 unused Assets to reduce memory usage. Loaded Objects now: 2461.
Total: 2.478500 ms (FindLiveObjects: 0.498100 ms CreateObjectMapping: 0.096700 ms MarkObjects: 1.774500 ms  DeleteObjects: 0.105900 ms)

========================================================================
Received Prepare
Refreshing native plugins compatible for Editor in 2.73 ms, found 1 plugins.
Preloading 0 native plugins for Editor in 0.00 ms.
Unloading 10 Unused Serialized files (Serialized files now loaded: 0)
System memory in use before: 52.5 MB.
System memory in use after: 52.5 MB.

Unloading 10 unused Assets to reduce memory usage. Loaded Objects now: 2461.
Total: 3.037100 ms (FindLiveObjects: 0.250400 ms CreateObjectMapping: 0.087000 ms MarkObjects: 2.574300 ms  DeleteObjects: 0.123600 ms)

AssetImportWorkerClient::OnTransportError - code=2 error=End of file
